<?xml version="1.0" encoding="UTF-8"?>
<?xml-stylesheet type="text/xsl" href="ivy-report.xsl"?>
<ivy-report version="1.0">
	<info
		organisation="test"
		module="cassandra-loadtest_2.11"
		revision="0.0.80"
		conf="runtime-internal"
		confs="universal, universal-docs, universal-src, compile, runtime, test, provided, optional, windows, docker, linux, rpm, debian, it, compile-internal, runtime-internal, test-internal, it-internal, plugin, sources, docs, pom, scala-tool, scoveragePlugin, newrelic-agent"
		date="20170529184504"/>
	<dependencies>
		<module organisation="io.netty" name="netty">
			<revision name="3.10.6.Final" status="release" pubdate="20160629084528" resolver="sbt-chain" artresolver="sbt-chain" homepage="http://netty.io/" downloaded="false" searched="false" default="false" conf="default, compile, runtime, default(compile), master" position="88">
				<license name="Apache License, Version 2.0" url="http://www.apache.org/licenses/LICENSE-2.0"/>
				<metadata-artifact status="no" details="" size="7197" time="0" location="/Users/yuenpingleung/.ivy2/cache/io.netty/netty/ivy-3.10.6.Final.xml" searched="false" origin-is-local="false" origin-location="https://repo1.maven.org/maven2/io/netty/netty/3.10.6.Final/netty-3.10.6.Final.pom"/>
				<caller organisation="test" name="cassandra-loadtest_2.11" conf="compile, runtime-internal, runtime, optional" rev="3.10.6.Final" rev-constraint-default="3.10.6.Final" rev-constraint-dynamic="3.10.6.Final" callerrev="0.0.80"/>
				<artifacts>
					<artifact name="netty" type="bundle" ext="jar" status="no" details="" size="1292696" time="0" location="/Users/yuenpingleung/.ivy2/cache/io.netty/netty/bundles/netty-3.10.6.Final.jar">
						<origin-location is-local="false" location="https://repo1.maven.org/maven2/io/netty/netty/3.10.6.Final/netty-3.10.6.Final.jar"/>
					</artifact>
				</artifacts>
			</revision>
		</module>
		<module organisation="com.outworkers" name="phantom-thrift_2.11">
			<revision name="2.6.4" status="release" pubdate="20170408092659" resolver="sbt-chain" artresolver="sbt-chain" homepage="https://github.com/outworkers/phantom" downloaded="false" searched="false" default="false" conf="default, compile, runtime, default(compile), master" position="74">
				<license name="Outworkers License" url="https://github.com/outworkers/phantom/blob/develop/LICENSE.txt"/>
				<metadata-artifact status="no" details="" size="4280" time="0" location="/Users/yuenpingleung/.ivy2/cache/com.outworkers/phantom-thrift_2.11/ivy-2.6.4.xml" searched="false" origin-is-local="false" origin-location="https://repo1.maven.org/maven2/com/outworkers/phantom-thrift_2.11/2.6.4/phantom-thrift_2.11-2.6.4.pom"/>
				<caller organisation="test" name="cassandra-loadtest_2.11" conf="compile, runtime-internal, runtime, optional" rev="2.6.4" rev-constraint-default="2.6.4" rev-constraint-dynamic="2.6.4" callerrev="0.0.80"/>
				<artifacts>
					<artifact name="phantom-thrift_2.11" type="jar" ext="jar" status="no" details="" size="67324" time="0" location="/Users/yuenpingleung/.ivy2/cache/com.outworkers/phantom-thrift_2.11/jars/phantom-thrift_2.11-2.6.4.jar">
						<origin-location is-local="false" location="https://repo1.maven.org/maven2/com/outworkers/phantom-thrift_2.11/2.6.4/phantom-thrift_2.11-2.6.4.jar"/>
					</artifact>
				</artifacts>
			</revision>
		</module>
		<module organisation="com.twitter" name="scrooge-serializer_2.11">
			<revision name="4.14.0" status="release" pubdate="20170203194415" resolver="sbt-chain" artresolver="sbt-chain" homepage="https://github.com/twitter/scrooge" downloaded="false" searched="false" default="false" conf="compile, runtime(*), master(compile), runtime, compile(*), master" position="82">
				<license name="Apache License, Version 2.0" url="http://www.apache.org/licenses/LICENSE-2.0"/>
				<metadata-artifact status="no" details="" size="3878" time="0" location="/Users/yuenpingleung/.ivy2/cache/com.twitter/scrooge-serializer_2.11/ivy-4.14.0.xml" searched="false" origin-is-local="false" origin-location="https://repo1.maven.org/maven2/com/twitter/scrooge-serializer_2.11/4.14.0/scrooge-serializer_2.11-4.14.0.pom"/>
				<caller organisation="com.outworkers" name="phantom-thrift_2.11" conf="default, compile, runtime, master" rev="4.14.0" rev-constraint-default="4.14.0" rev-constraint-dynamic="4.14.0" callerrev="2.6.4"/>
				<artifacts>
					<artifact name="scrooge-serializer_2.11" type="jar" ext="jar" status="no" details="" size="29755" time="0" location="/Users/yuenpingleung/.ivy2/cache/com.twitter/scrooge-serializer_2.11/jars/scrooge-serializer_2.11-4.14.0.jar">
						<origin-location is-local="false" location="https://repo1.maven.org/maven2/com/twitter/scrooge-serializer_2.11/4.14.0/scrooge-serializer_2.11-4.14.0.jar"/>
					</artifact>
				</artifacts>
			</revision>
		</module>
		<module organisation="com.twitter" name="util-codec_2.11">
			<revision name="6.41.0" status="release" pubdate="20170203192556" resolver="sbt-chain" artresolver="sbt-chain" homepage="https://github.com/twitter/util" extra-info.apiURL="https://twitter.github.io/util/docs/" downloaded="false" searched="false" default="false" conf="compile, runtime(*), master(compile), runtime, compile(*), master" position="87">
				<license name="Apache License, Version 2.0" url="http://www.apache.org/licenses/LICENSE-2.0"/>
				<metadata-artifact status="no" details="" size="3309" time="0" location="/Users/yuenpingleung/.ivy2/cache/com.twitter/util-codec_2.11/ivy-6.41.0.xml" searched="false" origin-is-local="false" origin-location="https://repo1.maven.org/maven2/com/twitter/util-codec_2.11/6.41.0/util-codec_2.11-6.41.0.pom"/>
				<caller organisation="com.twitter" name="scrooge-serializer_2.11" conf="compile, runtime" rev="6.41.0" rev-constraint-default="6.41.0" rev-constraint-dynamic="6.41.0" callerrev="4.14.0"/>
				<artifacts>
					<artifact name="util-codec_2.11" type="jar" ext="jar" status="no" details="" size="11159" time="0" location="/Users/yuenpingleung/.ivy2/cache/com.twitter/util-codec_2.11/jars/util-codec_2.11-6.41.0.jar">
						<origin-location is-local="false" location="https://repo1.maven.org/maven2/com/twitter/util-codec_2.11/6.41.0/util-codec_2.11-6.41.0.jar"/>
					</artifact>
				</artifacts>
			</revision>
		</module>
		<module organisation="com.twitter" name="util-app_2.11">
			<revision name="6.41.0" status="release" pubdate="20170203192633" resolver="sbt-chain" artresolver="sbt-chain" homepage="https://github.com/twitter/util" extra-info.apiURL="https://twitter.github.io/util/docs/" downloaded="false" searched="false" default="false" conf="compile, runtime(*), master(compile), runtime, compile(*), master" position="83">
				<license name="Apache License, Version 2.0" url="http://www.apache.org/licenses/LICENSE-2.0"/>
				<metadata-artifact status="no" details="" size="3593" time="0" location="/Users/yuenpingleung/.ivy2/cache/com.twitter/util-app_2.11/ivy-6.41.0.xml" searched="false" origin-is-local="false" origin-location="https://repo1.maven.org/maven2/com/twitter/util-app_2.11/6.41.0/util-app_2.11-6.41.0.pom"/>
				<caller organisation="com.twitter" name="scrooge-serializer_2.11" conf="compile, runtime" rev="6.41.0" rev-constraint-default="6.41.0" rev-constraint-dynamic="6.41.0" callerrev="4.14.0"/>
				<artifacts>
					<artifact name="util-app_2.11" type="jar" ext="jar" status="no" details="" size="170937" time="0" location="/Users/yuenpingleung/.ivy2/cache/com.twitter/util-app_2.11/jars/util-app_2.11-6.41.0.jar">
						<origin-location is-local="false" location="https://repo1.maven.org/maven2/com/twitter/util-app_2.11/6.41.0/util-app_2.11-6.41.0.jar"/>
					</artifact>
				</artifacts>
			</revision>
		</module>
		<module organisation="com.twitter" name="util-registry_2.11">
			<revision name="6.41.0" status="release" pubdate="20170203192605" resolver="sbt-chain" artresolver="sbt-chain" homepage="https://github.com/twitter/util" extra-info.apiURL="https://twitter.github.io/util/docs/" downloaded="false" searched="false" default="false" conf="compile, runtime(*), master(compile), runtime, compile(*), master" position="86">
				<license name="Apache License, Version 2.0" url="http://www.apache.org/licenses/LICENSE-2.0"/>
				<metadata-artifact status="no" details="" size="3318" time="0" location="/Users/yuenpingleung/.ivy2/cache/com.twitter/util-registry_2.11/ivy-6.41.0.xml" searched="false" origin-is-local="false" origin-location="https://repo1.maven.org/maven2/com/twitter/util-registry_2.11/6.41.0/util-registry_2.11-6.41.0.pom"/>
				<caller organisation="com.twitter" name="util-app_2.11" conf="compile, runtime" rev="6.41.0" rev-constraint-default="6.41.0" rev-constraint-dynamic="6.41.0" callerrev="6.41.0"/>
				<artifacts>
					<artifact name="util-registry_2.11" type="jar" ext="jar" status="no" details="" size="35483" time="0" location="/Users/yuenpingleung/.ivy2/cache/com.twitter/util-registry_2.11/jars/util-registry_2.11-6.41.0.jar">
						<origin-location is-local="false" location="https://repo1.maven.org/maven2/com/twitter/util-registry_2.11/6.41.0/util-registry_2.11-6.41.0.jar"/>
					</artifact>
				</artifacts>
			</revision>
		</module>
		<module organisation="com.twitter" name="util-core_2.11">
			<revision name="6.41.0" status="release" pubdate="20170203192549" resolver="sbt-chain" artresolver="sbt-chain" homepage="https://github.com/twitter/util" extra-info.apiURL="https://twitter.github.io/util/docs/" downloaded="false" searched="false" default="false" conf="compile, runtime(*), master(compile), runtime, compile(*), master" position="84">
				<license name="Apache License, Version 2.0" url="http://www.apache.org/licenses/LICENSE-2.0"/>
				<metadata-artifact status="no" details="" size="3878" time="0" location="/Users/yuenpingleung/.ivy2/cache/com.twitter/util-core_2.11/ivy-6.41.0.xml" searched="false" origin-is-local="false" origin-location="https://repo1.maven.org/maven2/com/twitter/util-core_2.11/6.41.0/util-core_2.11-6.41.0.pom"/>
				<caller organisation="com.twitter" name="util-codec_2.11" conf="compile, runtime" rev="6.41.0" rev-constraint-default="6.41.0" rev-constraint-dynamic="6.41.0" callerrev="6.41.0"/>
				<caller organisation="com.twitter" name="util-app_2.11" conf="compile, runtime" rev="6.41.0" rev-constraint-default="6.41.0" rev-constraint-dynamic="6.41.0" callerrev="6.41.0"/>
				<caller organisation="com.outworkers" name="phantom-finagle_2.11" conf="compile, runtime" rev="6.34.0" rev-constraint-default="6.34.0" rev-constraint-dynamic="6.34.0" callerrev="2.6.4"/>
				<caller organisation="com.twitter" name="util-registry_2.11" conf="compile, runtime" rev="6.41.0" rev-constraint-default="6.41.0" rev-constraint-dynamic="6.41.0" callerrev="6.41.0"/>
				<artifacts>
					<artifact name="util-core_2.11" type="jar" ext="jar" status="no" details="" size="1532163" time="0" location="/Users/yuenpingleung/.ivy2/cache/com.twitter/util-core_2.11/jars/util-core_2.11-6.41.0.jar">
						<origin-location is-local="false" location="https://repo1.maven.org/maven2/com/twitter/util-core_2.11/6.41.0/util-core_2.11-6.41.0.jar"/>
					</artifact>
				</artifacts>
			</revision>
			<revision name="6.34.0" status="release" pubdate="20160427120541" resolver="sbt-chain" artresolver="sbt-chain" evicted="latest-revision" evicted-reason="" homepage="https://github.com/twitter/util" extra-info.apiURL="https://twitter.github.io/util/docs/" downloaded="false" searched="false" default="false" conf="compile, runtime(*), master(compile), runtime, compile(*), master" position="-1">
				<license name="Apache License, Version 2.0" url="http://www.apache.org/licenses/LICENSE-2.0"/>
				<metadata-artifact status="no" details="" size="4195" time="0" location="/Users/yuenpingleung/.ivy2/cache/com.twitter/util-core_2.11/ivy-6.34.0.xml" searched="false" origin-is-local="false" origin-location="https://repo1.maven.org/maven2/com/twitter/util-core_2.11/6.34.0/util-core_2.11-6.34.0.pom"/>
				<evicted-by rev="6.41.0"/>
				<caller organisation="com.outworkers" name="phantom-finagle_2.11" conf="compile, runtime" rev="6.34.0" rev-constraint-default="6.34.0" rev-constraint-dynamic="6.34.0" callerrev="2.6.4"/>
				<artifacts>
				</artifacts>
			</revision>
		</module>
		<module organisation="com.twitter" name="util-function_2.11">
			<revision name="6.41.0" status="release" pubdate="20170203192525" resolver="sbt-chain" artresolver="sbt-chain" homepage="https://github.com/twitter/util" extra-info.apiURL="https://twitter.github.io/util/docs/" downloaded="false" searched="false" default="false" conf="compile, runtime(*), master(compile), runtime, compile(*), master" position="85">
				<license name="Apache License, Version 2.0" url="http://www.apache.org/licenses/LICENSE-2.0"/>
				<metadata-artifact status="no" details="" size="3173" time="0" location="/Users/yuenpingleung/.ivy2/cache/com.twitter/util-function_2.11/ivy-6.41.0.xml" searched="false" origin-is-local="false" origin-location="https://repo1.maven.org/maven2/com/twitter/util-function_2.11/6.41.0/util-function_2.11-6.41.0.pom"/>
				<caller organisation="com.twitter" name="util-core_2.11" conf="compile" rev="6.34.0" rev-constraint-default="6.34.0" rev-constraint-dynamic="6.34.0" callerrev="6.34.0"/>
				<caller organisation="com.twitter" name="util-core_2.11" conf="compile, runtime" rev="6.41.0" rev-constraint-default="6.41.0" rev-constraint-dynamic="6.41.0" callerrev="6.41.0"/>
				<artifacts>
					<artifact name="util-function_2.11" type="jar" ext="jar" status="no" details="" size="2067" time="0" location="/Users/yuenpingleung/.ivy2/cache/com.twitter/util-function_2.11/jars/util-function_2.11-6.41.0.jar">
						<origin-location is-local="false" location="https://repo1.maven.org/maven2/com/twitter/util-function_2.11/6.41.0/util-function_2.11-6.41.0.jar"/>
					</artifact>
				</artifacts>
			</revision>
			<revision name="6.34.0" status="release" pubdate="20160427120512" resolver="sbt-chain" artresolver="sbt-chain" evicted="latest-revision" evicted-reason="" homepage="https://github.com/twitter/util" extra-info.apiURL="https://twitter.github.io/util/docs/" downloaded="false" searched="false" default="false" conf="compile, master(compile), compile(*), master" position="-1">
				<license name="Apache License, Version 2.0" url="http://www.apache.org/licenses/LICENSE-2.0"/>
				<metadata-artifact status="no" details="" size="3500" time="0" location="/Users/yuenpingleung/.ivy2/cache/com.twitter/util-function_2.11/ivy-6.34.0.xml" searched="false" origin-is-local="false" origin-location="https://repo1.maven.org/maven2/com/twitter/util-function_2.11/6.34.0/util-function_2.11-6.34.0.pom"/>
				<evicted-by rev="6.41.0"/>
				<caller organisation="com.twitter" name="util-core_2.11" conf="compile" rev="6.34.0" rev-constraint-default="6.34.0" rev-constraint-dynamic="6.34.0" callerrev="6.34.0"/>
				<artifacts>
				</artifacts>
			</revision>
		</module>
		<module organisation="com.twitter" name="scrooge-core_2.11">
			<revision name="4.14.0" status="release" pubdate="20170203194158" resolver="sbt-chain" artresolver="sbt-chain" homepage="https://github.com/twitter/scrooge" downloaded="false" searched="false" default="false" conf="compile, runtime(*), master(compile), runtime, compile(*), master" position="81">
				<license name="Apache License, Version 2.0" url="http://www.apache.org/licenses/LICENSE-2.0"/>
				<metadata-artifact status="no" details="" size="3174" time="0" location="/Users/yuenpingleung/.ivy2/cache/com.twitter/scrooge-core_2.11/ivy-4.14.0.xml" searched="false" origin-is-local="false" origin-location="https://repo1.maven.org/maven2/com/twitter/scrooge-core_2.11/4.14.0/scrooge-core_2.11-4.14.0.pom"/>
				<caller organisation="com.outworkers" name="phantom-thrift_2.11" conf="default, compile, runtime, master" rev="4.14.0" rev-constraint-default="4.14.0" rev-constraint-dynamic="4.14.0" callerrev="2.6.4"/>
				<caller organisation="com.twitter" name="scrooge-serializer_2.11" conf="compile, runtime" rev="4.14.0" rev-constraint-default="4.14.0" rev-constraint-dynamic="4.14.0" callerrev="4.14.0"/>
				<artifacts>
					<artifact name="scrooge-core_2.11" type="jar" ext="jar" status="no" details="" size="64033" time="0" location="/Users/yuenpingleung/.ivy2/cache/com.twitter/scrooge-core_2.11/jars/scrooge-core_2.11-4.14.0.jar">
						<origin-location is-local="false" location="https://repo1.maven.org/maven2/com/twitter/scrooge-core_2.11/4.14.0/scrooge-core_2.11-4.14.0.jar"/>
					</artifact>
				</artifacts>
			</revision>
		</module>
		<module organisation="org.apache.thrift" name="libthrift">
			<revision name="0.8.0" status="release" pubdate="20111126170759" resolver="sbt-chain" artresolver="sbt-chain" homepage="http://thrift.apache.org" downloaded="false" searched="false" default="false" conf="compile, runtime(*), master(compile), runtime, compile(*), master" position="76">
				<license name="The Apache Software License, Version 2.0" url="http://www.apache.org/licenses/LICENSE-2.0.txt"/>
				<metadata-artifact status="no" details="" size="3321" time="0" location="/Users/yuenpingleung/.ivy2/cache/org.apache.thrift/libthrift/ivy-0.8.0.xml" searched="false" origin-is-local="false" origin-location="https://repo1.maven.org/maven2/org/apache/thrift/libthrift/0.8.0/libthrift-0.8.0.pom"/>
				<caller organisation="com.outworkers" name="phantom-thrift_2.11" conf="default, compile, runtime, master" rev="0.8.0" rev-constraint-default="0.8.0" rev-constraint-dynamic="0.8.0" callerrev="2.6.4"/>
				<artifacts>
					<artifact name="libthrift" type="jar" ext="jar" status="no" details="" size="336580" time="0" location="/Users/yuenpingleung/.ivy2/cache/org.apache.thrift/libthrift/jars/libthrift-0.8.0.jar">
						<origin-location is-local="false" location="https://repo1.maven.org/maven2/org/apache/thrift/libthrift/0.8.0/libthrift-0.8.0.jar"/>
					</artifact>
				</artifacts>
			</revision>
		</module>
		<module organisation="org.apache.httpcomponents" name="httpcore">
			<revision name="4.1.3" status="release" pubdate="20110727140826" resolver="sbt-chain" artresolver="sbt-chain" homepage="http://hc.apache.org/httpcomponents-core-ga" downloaded="false" searched="false" default="false" conf="compile, runtime(*), master(compile), runtime, compile(*), master" position="79">
				<license name="Apache License" url="LICENSE.txt"/>
				<metadata-artifact status="no" details="" size="4792" time="0" location="/Users/yuenpingleung/.ivy2/cache/org.apache.httpcomponents/httpcore/ivy-4.1.3.xml" searched="false" origin-is-local="false" origin-location="https://repo1.maven.org/maven2/org/apache/httpcomponents/httpcore/4.1.3/httpcore-4.1.3.pom"/>
				<caller organisation="org.apache.httpcomponents" name="httpclient" conf="compile, runtime" rev="4.1.2" rev-constraint-default="4.1.2" rev-constraint-dynamic="4.1.2" callerrev="4.1.2"/>
				<caller organisation="org.apache.thrift" name="libthrift" conf="compile, runtime" rev="4.1.3" rev-constraint-default="4.1.3" rev-constraint-dynamic="4.1.3" callerrev="0.8.0"/>
				<artifacts>
					<artifact name="httpcore" type="jar" ext="jar" status="no" details="" size="181201" time="0" location="/Users/yuenpingleung/.ivy2/cache/org.apache.httpcomponents/httpcore/jars/httpcore-4.1.3.jar">
						<origin-location is-local="false" location="https://repo1.maven.org/maven2/org/apache/httpcomponents/httpcore/4.1.3/httpcore-4.1.3.jar"/>
					</artifact>
				</artifacts>
			</revision>
			<revision name="4.1.2" evicted="latest-revision" evicted-reason="" downloaded="false" searched="false" conf="compile, runtime(*), master(compile), runtime, compile(*), master" position="-1">
				<evicted-by rev="4.1.3"/>
				<caller organisation="org.apache.httpcomponents" name="httpclient" conf="compile, runtime" rev="4.1.2" rev-constraint-default="4.1.2" rev-constraint-dynamic="4.1.2" callerrev="4.1.2"/>
				<caller organisation="org.apache.thrift" name="libthrift" conf="compile, runtime" rev="4.1.3" rev-constraint-default="4.1.3" rev-constraint-dynamic="4.1.3" callerrev="0.8.0"/>
				<artifacts>
				</artifacts>
			</revision>
		</module>
		<module organisation="org.apache.httpcomponents" name="httpclient">
			<revision name="4.1.2" status="release" pubdate="20110729180203" resolver="sbt-chain" artresolver="sbt-chain" homepage="http://hc.apache.org/httpcomponents-client" downloaded="false" searched="false" default="false" conf="compile, runtime(*), master(compile), runtime, compile(*), master" position="78">
				<license name="Apache License" url="LICENSE.txt"/>
				<metadata-artifact status="no" details="" size="5783" time="0" location="/Users/yuenpingleung/.ivy2/cache/org.apache.httpcomponents/httpclient/ivy-4.1.2.xml" searched="false" origin-is-local="false" origin-location="https://repo1.maven.org/maven2/org/apache/httpcomponents/httpclient/4.1.2/httpclient-4.1.2.pom"/>
				<caller organisation="org.apache.thrift" name="libthrift" conf="compile, runtime" rev="4.1.2" rev-constraint-default="4.1.2" rev-constraint-dynamic="4.1.2" callerrev="0.8.0"/>
				<artifacts>
					<artifact name="httpclient" type="jar" ext="jar" status="no" details="" size="352254" time="0" location="/Users/yuenpingleung/.ivy2/cache/org.apache.httpcomponents/httpclient/jars/httpclient-4.1.2.jar">
						<origin-location is-local="false" location="https://repo1.maven.org/maven2/org/apache/httpcomponents/httpclient/4.1.2/httpclient-4.1.2.jar"/>
					</artifact>
				</artifacts>
			</revision>
		</module>
		<module organisation="commons-logging" name="commons-logging">
			<revision name="1.1.1" status="release" pubdate="20071126152410" resolver="sbt-chain" artresolver="sbt-chain" homepage="http://commons.apache.org/logging" downloaded="false" searched="false" default="false" conf="compile, runtime(*), master(compile), runtime, compile(*), master" position="80">
				<license name="The Apache Software License, Version 2.0" url="http://www.apache.org/licenses/LICENSE-2.0.txt"/>
				<metadata-artifact status="no" details="" size="4212" time="0" location="/Users/yuenpingleung/.ivy2/cache/commons-logging/commons-logging/ivy-1.1.1.xml" searched="false" origin-is-local="false" origin-location="https://repo1.maven.org/maven2/commons-logging/commons-logging/1.1.1/commons-logging-1.1.1.pom"/>
				<caller organisation="org.apache.httpcomponents" name="httpclient" conf="compile, runtime" rev="1.1.1" rev-constraint-default="1.1.1" rev-constraint-dynamic="1.1.1" callerrev="4.1.2"/>
				<artifacts>
					<artifact name="commons-logging" type="jar" ext="jar" status="no" details="" size="60686" time="0" location="/Users/yuenpingleung/.ivy2/cache/commons-logging/commons-logging/jars/commons-logging-1.1.1.jar">
						<origin-location is-local="false" location="https://repo1.maven.org/maven2/commons-logging/commons-logging/1.1.1/commons-logging-1.1.1.jar"/>
					</artifact>
				</artifacts>
			</revision>
		</module>
		<module organisation="commons-lang" name="commons-lang">
			<revision name="2.5" status="release" pubdate="20100224202344" resolver="sbt-chain" artresolver="sbt-chain" homepage="http://commons.apache.org/lang/" downloaded="false" searched="false" default="false" conf="compile, runtime(*), master(compile), runtime, compile(*), master" position="77">
				<license name="The Apache Software License, Version 2.0" url="http://www.apache.org/licenses/LICENSE-2.0.txt"/>
				<metadata-artifact status="no" details="" size="5263" time="0" location="/Users/yuenpingleung/.ivy2/cache/commons-lang/commons-lang/ivy-2.5.xml" searched="false" origin-is-local="false" origin-location="https://repo1.maven.org/maven2/commons-lang/commons-lang/2.5/commons-lang-2.5.pom"/>
				<caller organisation="org.apache.thrift" name="libthrift" conf="compile, runtime" rev="2.5" rev-constraint-default="2.5" rev-constraint-dynamic="2.5" callerrev="0.8.0"/>
				<artifacts>
					<artifact name="commons-lang" type="jar" ext="jar" status="no" details="" size="279193" time="0" location="/Users/yuenpingleung/.ivy2/cache/commons-lang/commons-lang/jars/commons-lang-2.5.jar">
						<origin-location is-local="false" location="https://repo1.maven.org/maven2/commons-lang/commons-lang/2.5/commons-lang-2.5.jar"/>
					</artifact>
				</artifacts>
			</revision>
		</module>
		<module organisation="com.outworkers" name="phantom-finagle_2.11">
			<revision name="2.6.4" status="release" pubdate="20170408092651" resolver="sbt-chain" artresolver="sbt-chain" homepage="https://github.com/outworkers/phantom" downloaded="false" searched="false" default="false" conf="compile, runtime(*), master(compile), runtime, compile(*), master" position="75">
				<license name="Outworkers License" url="https://github.com/outworkers/phantom/blob/develop/LICENSE.txt"/>
				<metadata-artifact status="no" details="" size="3583" time="0" location="/Users/yuenpingleung/.ivy2/cache/com.outworkers/phantom-finagle_2.11/ivy-2.6.4.xml" searched="false" origin-is-local="false" origin-location="https://repo1.maven.org/maven2/com/outworkers/phantom-finagle_2.11/2.6.4/phantom-finagle_2.11-2.6.4.pom"/>
				<caller organisation="com.outworkers" name="phantom-thrift_2.11" conf="default, compile, runtime, master" rev="2.6.4" rev-constraint-default="2.6.4" rev-constraint-dynamic="2.6.4" callerrev="2.6.4"/>
				<artifacts>
					<artifact name="phantom-finagle_2.11" type="jar" ext="jar" status="no" details="" size="105588" time="0" location="/Users/yuenpingleung/.ivy2/cache/com.outworkers/phantom-finagle_2.11/jars/phantom-finagle_2.11-2.6.4.jar">
						<origin-location is-local="false" location="https://repo1.maven.org/maven2/com/outworkers/phantom-finagle_2.11/2.6.4/phantom-finagle_2.11-2.6.4.jar"/>
					</artifact>
				</artifacts>
			</revision>
		</module>
		<module organisation="com.twitter" name="jsr166e">
			<revision name="1.0.0" status="release" pubdate="20130419180245" resolver="sbt-chain" artresolver="sbt-chain" evicted="transitive" evicted-reason="" homepage="http://github.com/twitter/jsr166e" downloaded="false" searched="false" default="false" conf="compile, master(compile), compile(*), master" position="-1">
				<license name="CC0 1.0 Universal" url="http://creativecommons.org/publicdomain/zero/1.0/"/>
				<metadata-artifact status="no" details="" size="2830" time="0" location="/Users/yuenpingleung/.ivy2/cache/com.twitter/jsr166e/ivy-1.0.0.xml" searched="false" origin-is-local="false" origin-location="https://repo1.maven.org/maven2/com/twitter/jsr166e/1.0.0/jsr166e-1.0.0.pom"/>
				<caller organisation="com.twitter" name="util-core_2.11" conf="compile" rev="1.0.0" rev-constraint-default="1.0.0" rev-constraint-dynamic="1.0.0" callerrev="6.34.0"/>
				<artifacts>
				</artifacts>
			</revision>
		</module>
		<module organisation="com.outworkers" name="phantom-dsl_2.11">
			<revision name="2.6.4" status="release" pubdate="20170408092649" resolver="sbt-chain" artresolver="sbt-chain" homepage="https://github.com/outworkers/phantom" downloaded="false" searched="false" default="false" conf="default, compile, runtime(*), master(compile), runtime, default(compile), compile(*), master" position="69">
				<license name="Outworkers License" url="https://github.com/outworkers/phantom/blob/develop/LICENSE.txt"/>
				<metadata-artifact status="no" details="" size="4873" time="0" location="/Users/yuenpingleung/.ivy2/cache/com.outworkers/phantom-dsl_2.11/ivy-2.6.4.xml" searched="false" origin-is-local="false" origin-location="https://repo1.maven.org/maven2/com/outworkers/phantom-dsl_2.11/2.6.4/phantom-dsl_2.11-2.6.4.pom"/>
				<caller organisation="com.outworkers" name="phantom-finagle_2.11" conf="compile, runtime" rev="2.6.4" rev-constraint-default="2.6.4" rev-constraint-dynamic="2.6.4" callerrev="2.6.4"/>
				<caller organisation="test" name="cassandra-loadtest_2.11" conf="compile, runtime-internal, runtime, optional" rev="2.6.4" rev-constraint-default="2.6.4" rev-constraint-dynamic="2.6.4" callerrev="0.0.80"/>
				<caller organisation="com.outworkers" name="phantom-thrift_2.11" conf="default, compile, runtime, master" rev="2.6.4" rev-constraint-default="2.6.4" rev-constraint-dynamic="2.6.4" callerrev="2.6.4"/>
				<artifacts>
					<artifact name="phantom-dsl_2.11" type="jar" ext="jar" status="no" details="" size="1178514" time="0" location="/Users/yuenpingleung/.ivy2/cache/com.outworkers/phantom-dsl_2.11/jars/phantom-dsl_2.11-2.6.4.jar">
						<origin-location is-local="false" location="https://repo1.maven.org/maven2/com/outworkers/phantom-dsl_2.11/2.6.4/phantom-dsl_2.11-2.6.4.jar"/>
					</artifact>
				</artifacts>
			</revision>
		</module>
		<module organisation="com.datastax.cassandra" name="cassandra-driver-extras">
			<revision name="3.2.0" status="release" pubdate="20170329051726" resolver="sbt-chain" artresolver="sbt-chain" homepage="https://github.com/datastax/java-driver" downloaded="false" searched="false" default="false" conf="compile, runtime(*), master(compile), runtime, compile(*), master" position="73">
				<license name="Apache 2" url="http://www.apache.org/licenses/LICENSE-2.0.txt"/>
				<metadata-artifact status="no" details="" size="7800" time="0" location="/Users/yuenpingleung/.ivy2/cache/com.datastax.cassandra/cassandra-driver-extras/ivy-3.2.0.xml" searched="false" origin-is-local="false" origin-location="https://repo1.maven.org/maven2/com/datastax/cassandra/cassandra-driver-extras/3.2.0/cassandra-driver-extras-3.2.0.pom"/>
				<caller organisation="com.outworkers" name="phantom-dsl_2.11" conf="default, compile, runtime, master" rev="3.2.0" rev-constraint-default="3.2.0" rev-constraint-dynamic="3.2.0" callerrev="2.6.4"/>
				<artifacts>
					<artifact name="cassandra-driver-extras" type="bundle" ext="jar" status="no" details="" size="58777" time="0" location="/Users/yuenpingleung/.ivy2/cache/com.datastax.cassandra/cassandra-driver-extras/bundles/cassandra-driver-extras-3.2.0.jar">
						<origin-location is-local="false" location="https://repo1.maven.org/maven2/com/datastax/cassandra/cassandra-driver-extras/3.2.0/cassandra-driver-extras-3.2.0.jar"/>
					</artifact>
				</artifacts>
			</revision>
		</module>
		<module organisation="joda-time" name="joda-time">
			<revision name="2.9.7" status="release" pubdate="20161219175523" resolver="sbt-chain" artresolver="sbt-chain" homepage="http://www.joda.org/joda-time/" downloaded="false" searched="false" default="false" conf="compile, runtime(*), master(compile), runtime, compile(*), master, default(compile)" position="72">
				<license name="Apache 2" url="http://www.apache.org/licenses/LICENSE-2.0.txt"/>
				<metadata-artifact status="no" details="" size="6701" time="0" location="/Users/yuenpingleung/.ivy2/cache/joda-time/joda-time/ivy-2.9.7.xml" searched="false" origin-is-local="false" origin-location="https://repo1.maven.org/maven2/joda-time/joda-time/2.9.7/joda-time-2.9.7.pom"/>
				<caller organisation="com.outworkers" name="phantom-dsl_2.11" conf="default, compile, runtime, master" rev="2.9.7" rev-constraint-default="2.9.7" rev-constraint-dynamic="2.9.7" callerrev="2.6.4"/>
				<caller organisation="test" name="cassandra-loadtest_2.11" conf="compile, runtime-internal, runtime, optional" rev="2.9.3" rev-constraint-default="2.9.3" rev-constraint-dynamic="2.9.3" callerrev="0.0.80"/>
				<caller organisation="com.typesafe.play" name="play_2.11" conf="compile, runtime" rev="2.9.6" rev-constraint-default="2.9.6" rev-constraint-dynamic="2.9.6" callerrev="2.5.14"/>
				<caller organisation="com.typesafe.play" name="play-json_2.11" conf="compile, runtime" rev="2.9.6" rev-constraint-default="2.9.6" rev-constraint-dynamic="2.9.6" callerrev="2.5.14"/>
				<artifacts>
					<artifact name="joda-time" type="jar" ext="jar" status="no" details="" size="633290" time="0" location="/Users/yuenpingleung/.ivy2/cache/joda-time/joda-time/jars/joda-time-2.9.7.jar">
						<origin-location is-local="false" location="https://repo1.maven.org/maven2/joda-time/joda-time/2.9.7/joda-time-2.9.7.jar"/>
					</artifact>
				</artifacts>
			</revision>
			<revision name="2.9.6" status="release" pubdate="20161110160929" resolver="sbt-chain" artresolver="sbt-chain" evicted="latest-revision" evicted-reason="" homepage="http://www.joda.org/joda-time/" downloaded="false" searched="false" default="false" conf="compile, runtime(*), master(compile), runtime, compile(*), master, default(compile)" position="-1">
				<license name="Apache 2" url="http://www.apache.org/licenses/LICENSE-2.0.txt"/>
				<metadata-artifact status="no" details="" size="6701" time="0" location="/Users/yuenpingleung/.ivy2/cache/joda-time/joda-time/ivy-2.9.6.xml" searched="false" origin-is-local="false" origin-location="https://repo1.maven.org/maven2/joda-time/joda-time/2.9.6/joda-time-2.9.6.pom"/>
				<evicted-by rev="2.9.7"/>
				<caller organisation="test" name="cassandra-loadtest_2.11" conf="compile, runtime-internal, runtime, optional" rev="2.9.3" rev-constraint-default="2.9.3" rev-constraint-dynamic="2.9.3" callerrev="0.0.80"/>
				<caller organisation="com.typesafe.play" name="play_2.11" conf="compile, runtime" rev="2.9.6" rev-constraint-default="2.9.6" rev-constraint-dynamic="2.9.6" callerrev="2.5.14"/>
				<caller organisation="com.typesafe.play" name="play-json_2.11" conf="compile, runtime" rev="2.9.6" rev-constraint-default="2.9.6" rev-constraint-dynamic="2.9.6" callerrev="2.5.14"/>
				<artifacts>
				</artifacts>
			</revision>
			<revision name="2.9.3" evicted="latest-revision" evicted-reason="" downloaded="false" searched="false" conf="default, compile, runtime, default(compile), master" position="-1">
				<evicted-by rev="2.9.6"/>
				<caller organisation="test" name="cassandra-loadtest_2.11" conf="compile, runtime-internal, runtime, optional" rev="2.9.3" rev-constraint-default="2.9.3" rev-constraint-dynamic="2.9.3" callerrev="0.0.80"/>
				<artifacts>
				</artifacts>
			</revision>
		</module>
		<module organisation="com.chuusai" name="shapeless_2.11">
			<revision name="2.3.2" status="release" pubdate="20160818075130" resolver="sbt-chain" artresolver="sbt-chain" homepage="https://github.com/milessabin/shapeless" downloaded="false" searched="false" default="false" conf="compile, runtime(*), master(compile), runtime, compile(*), master" position="71">
				<license name="Apache 2" url="http://www.apache.org/licenses/LICENSE-2.0.txt"/>
				<metadata-artifact status="no" details="" size="3226" time="0" location="/Users/yuenpingleung/.ivy2/cache/com.chuusai/shapeless_2.11/ivy-2.3.2.xml" searched="false" origin-is-local="false" origin-location="https://repo1.maven.org/maven2/com/chuusai/shapeless_2.11/2.3.2/shapeless_2.11-2.3.2.pom"/>
				<caller organisation="com.outworkers" name="phantom-dsl_2.11" conf="default, compile, runtime, master" rev="2.3.2" rev-constraint-default="2.3.2" rev-constraint-dynamic="2.3.2" callerrev="2.6.4"/>
				<artifacts>
					<artifact name="shapeless_2.11" type="bundle" ext="jar" status="no" details="" size="3522616" time="0" location="/Users/yuenpingleung/.ivy2/cache/com.chuusai/shapeless_2.11/bundles/shapeless_2.11-2.3.2.jar">
						<origin-location is-local="false" location="https://repo1.maven.org/maven2/com/chuusai/shapeless_2.11/2.3.2/shapeless_2.11-2.3.2.jar"/>
					</artifact>
				</artifacts>
			</revision>
		</module>
		<module organisation="org.typelevel" name="macro-compat_2.11">
			<revision name="1.1.1" status="release" pubdate="20160215055037" resolver="sbt-chain" artresolver="sbt-chain" homepage="https://github.com/milessabin/macro-compat" downloaded="false" searched="false" default="false" conf="compile, runtime(*), master(compile), runtime, compile(*), master" position="70">
				<license name="Apache 2" url="http://www.apache.org/licenses/LICENSE-2.0.txt"/>
				<metadata-artifact status="no" details="" size="2964" time="0" location="/Users/yuenpingleung/.ivy2/cache/org.typelevel/macro-compat_2.11/ivy-1.1.1.xml" searched="false" origin-is-local="false" origin-location="https://repo1.maven.org/maven2/org/typelevel/macro-compat_2.11/1.1.1/macro-compat_2.11-1.1.1.pom"/>
				<caller organisation="com.chuusai" name="shapeless_2.11" conf="compile, runtime" rev="1.1.1" rev-constraint-default="1.1.1" rev-constraint-dynamic="1.1.1" callerrev="2.3.2"/>
				<caller organisation="com.outworkers" name="phantom-dsl_2.11" conf="default, compile, runtime, master" rev="1.1.1" rev-constraint-default="1.1.1" rev-constraint-dynamic="1.1.1" callerrev="2.6.4"/>
				<caller organisation="com.outworkers" name="phantom-thrift_2.11" conf="default, compile, runtime, master" rev="1.1.1" rev-constraint-default="1.1.1" rev-constraint-dynamic="1.1.1" callerrev="2.6.4"/>
				<artifacts>
					<artifact name="macro-compat_2.11" type="jar" ext="jar" status="no" details="" size="3142" time="0" location="/Users/yuenpingleung/.ivy2/cache/org.typelevel/macro-compat_2.11/jars/macro-compat_2.11-1.1.1.jar">
						<origin-location is-local="false" location="https://repo1.maven.org/maven2/org/typelevel/macro-compat_2.11/1.1.1/macro-compat_2.11-1.1.1.jar"/>
					</artifact>
				</artifacts>
			</revision>
		</module>
		<module organisation="com.outworkers" name="phantom-connectors_2.11">
			<revision name="2.6.4" status="release" pubdate="20170408092637" resolver="sbt-chain" artresolver="sbt-chain" homepage="https://github.com/outworkers/phantom" downloaded="false" searched="false" default="false" conf="default, compile, runtime(*), master(compile), runtime, default(compile), compile(*), master" position="49">
				<license name="Outworkers License" url="https://github.com/outworkers/phantom/blob/develop/LICENSE.txt"/>
				<metadata-artifact status="no" details="" size="3269" time="0" location="/Users/yuenpingleung/.ivy2/cache/com.outworkers/phantom-connectors_2.11/ivy-2.6.4.xml" searched="false" origin-is-local="false" origin-location="https://repo1.maven.org/maven2/com/outworkers/phantom-connectors_2.11/2.6.4/phantom-connectors_2.11-2.6.4.pom"/>
				<caller organisation="test" name="cassandra-loadtest_2.11" conf="compile, runtime-internal, runtime, optional" rev="2.6.4" rev-constraint-default="2.6.4" rev-constraint-dynamic="2.6.4" callerrev="0.0.80"/>
				<caller organisation="com.outworkers" name="phantom-dsl_2.11" conf="default, compile, runtime, master" rev="2.6.4" rev-constraint-default="2.6.4" rev-constraint-dynamic="2.6.4" callerrev="2.6.4"/>
				<artifacts>
					<artifact name="phantom-connectors_2.11" type="jar" ext="jar" status="no" details="" size="55840" time="0" location="/Users/yuenpingleung/.ivy2/cache/com.outworkers/phantom-connectors_2.11/jars/phantom-connectors_2.11-2.6.4.jar">
						<origin-location is-local="false" location="https://repo1.maven.org/maven2/com/outworkers/phantom-connectors_2.11/2.6.4/phantom-connectors_2.11-2.6.4.jar"/>
					</artifact>
				</artifacts>
			</revision>
		</module>
		<module organisation="com.datastax.cassandra" name="cassandra-driver-core">
			<revision name="3.2.0" status="release" pubdate="20170329051657" resolver="sbt-chain" artresolver="sbt-chain" homepage="https://github.com/datastax/java-driver" downloaded="false" searched="false" default="false" conf="compile, runtime(*), master(compile), runtime, compile(*), master" position="51">
				<license name="Apache 2" url="http://www.apache.org/licenses/LICENSE-2.0.txt"/>
				<metadata-artifact status="no" details="" size="8309" time="0" location="/Users/yuenpingleung/.ivy2/cache/com.datastax.cassandra/cassandra-driver-core/ivy-3.2.0.xml" searched="false" origin-is-local="false" origin-location="https://repo1.maven.org/maven2/com/datastax/cassandra/cassandra-driver-core/3.2.0/cassandra-driver-core-3.2.0.pom"/>
				<caller organisation="com.outworkers" name="phantom-connectors_2.11" conf="default, compile, runtime, master" rev="3.2.0" rev-constraint-default="3.2.0" rev-constraint-dynamic="3.2.0" callerrev="2.6.4"/>
				<caller organisation="com.outworkers" name="phantom-dsl_2.11" conf="default, compile, runtime, master" rev="3.2.0" rev-constraint-default="3.2.0" rev-constraint-dynamic="3.2.0" callerrev="2.6.4"/>
				<caller organisation="com.datastax.cassandra" name="cassandra-driver-extras" conf="compile, runtime" rev="3.2.0" rev-constraint-default="3.2.0" rev-constraint-dynamic="3.2.0" callerrev="3.2.0"/>
				<artifacts>
					<artifact name="cassandra-driver-core" type="jar" ext="jar" status="no" details="" size="1082699" time="0" location="/Users/yuenpingleung/.ivy2/cache/com.datastax.cassandra/cassandra-driver-core/jars/cassandra-driver-core-3.2.0.jar">
						<origin-location is-local="false" location="https://repo1.maven.org/maven2/com/datastax/cassandra/cassandra-driver-core/3.2.0/cassandra-driver-core-3.2.0.jar"/>
					</artifact>
				</artifacts>
			</revision>
		</module>
		<module organisation="com.github.jnr" name="jnr-posix">
			<revision name="3.0.27" status="release" pubdate="20160119120156" resolver="sbt-chain" artresolver="sbt-chain" homepage="" downloaded="false" searched="false" default="false" conf="compile, runtime(*), master(compile), runtime, compile(*), master" position="67">
				<license name="Common Public License - v 1.0" url="http://www-128.ibm.com/developerworks/library/os-cpl.html"/>
				<license name="GNU General Public License Version 2" url="http://www.gnu.org/copyleft/gpl.html"/>
				<license name="GNU Lesser General Public License Version 2.1" url="http://www.gnu.org/licenses/lgpl.html"/>
				<metadata-artifact status="no" details="" size="3873" time="0" location="/Users/yuenpingleung/.ivy2/cache/com.github.jnr/jnr-posix/ivy-3.0.27.xml" searched="false" origin-is-local="false" origin-location="https://repo1.maven.org/maven2/com/github/jnr/jnr-posix/3.0.27/jnr-posix-3.0.27.pom"/>
				<caller organisation="com.datastax.cassandra" name="cassandra-driver-core" conf="compile, runtime" rev="3.0.27" rev-constraint-default="3.0.27" rev-constraint-dynamic="3.0.27" callerrev="3.2.0"/>
				<artifacts>
					<artifact name="jnr-posix" type="jar" ext="jar" status="no" details="" size="218609" time="0" location="/Users/yuenpingleung/.ivy2/cache/com.github.jnr/jnr-posix/jars/jnr-posix-3.0.27.jar">
						<origin-location is-local="false" location="https://repo1.maven.org/maven2/com/github/jnr/jnr-posix/3.0.27/jnr-posix-3.0.27.jar"/>
					</artifact>
				</artifacts>
			</revision>
		</module>
		<module organisation="com.github.jnr" name="jnr-constants">
			<revision name="0.9.0" status="release" pubdate="20150831094303" resolver="sbt-chain" artresolver="sbt-chain" homepage="http://github.com/jnr/jnr-constants" downloaded="false" searched="false" default="false" conf="compile, runtime(*), master(compile), runtime, compile(*), master" position="68">
				<license name="The Apache Software License, Version 2.0" url="http://www.apache.org/licenses/LICENSE-2.0.txt"/>
				<metadata-artifact status="no" details="" size="3290" time="0" location="/Users/yuenpingleung/.ivy2/cache/com.github.jnr/jnr-constants/ivy-0.9.0.xml" searched="false" origin-is-local="false" origin-location="https://repo1.maven.org/maven2/com/github/jnr/jnr-constants/0.9.0/jnr-constants-0.9.0.pom"/>
				<caller organisation="com.github.jnr" name="jnr-posix" conf="compile, runtime" rev="0.9.0" rev-constraint-default="0.9.0" rev-constraint-dynamic="0.9.0" callerrev="3.0.27"/>
				<artifacts>
					<artifact name="jnr-constants" type="jar" ext="jar" status="no" details="" size="321681" time="0" location="/Users/yuenpingleung/.ivy2/cache/com.github.jnr/jnr-constants/jars/jnr-constants-0.9.0.jar">
						<origin-location is-local="false" location="https://repo1.maven.org/maven2/com/github/jnr/jnr-constants/0.9.0/jnr-constants-0.9.0.jar"/>
					</artifact>
				</artifacts>
			</revision>
		</module>
		<module organisation="com.github.jnr" name="jnr-ffi">
			<revision name="2.0.7" status="release" pubdate="20151112144154" resolver="sbt-chain" artresolver="sbt-chain" homepage="http://github.com/jnr/jnr-ffi" downloaded="false" searched="false" default="false" conf="compile, runtime(*), master(compile), runtime, compile(*), master" position="59">
				<license name="The Apache Software License, Version 2.0" url="http://www.apache.org/licenses/LICENSE-2.0.txt"/>
				<metadata-artifact status="no" details="" size="4920" time="0" location="/Users/yuenpingleung/.ivy2/cache/com.github.jnr/jnr-ffi/ivy-2.0.7.xml" searched="false" origin-is-local="false" origin-location="https://repo1.maven.org/maven2/com/github/jnr/jnr-ffi/2.0.7/jnr-ffi-2.0.7.pom"/>
				<caller organisation="com.github.jnr" name="jnr-posix" conf="compile, runtime" rev="2.0.7" rev-constraint-default="2.0.7" rev-constraint-dynamic="2.0.7" callerrev="3.0.27"/>
				<caller organisation="com.datastax.cassandra" name="cassandra-driver-core" conf="compile, runtime" rev="2.0.7" rev-constraint-default="2.0.7" rev-constraint-dynamic="2.0.7" callerrev="3.2.0"/>
				<artifacts>
					<artifact name="jnr-ffi" type="jar" ext="jar" status="no" details="" size="656047" time="0" location="/Users/yuenpingleung/.ivy2/cache/com.github.jnr/jnr-ffi/jars/jnr-ffi-2.0.7.jar">
						<origin-location is-local="false" location="https://repo1.maven.org/maven2/com/github/jnr/jnr-ffi/2.0.7/jnr-ffi-2.0.7.jar"/>
					</artifact>
				</artifacts>
			</revision>
		</module>
		<module organisation="com.github.jnr" name="jnr-x86asm">
			<revision name="1.0.2" status="release" pubdate="20120406225021" resolver="sbt-chain" artresolver="sbt-chain" homepage="http://github.com/jnr/jnr-x86asm" downloaded="false" searched="false" default="false" conf="compile, runtime(*), master(compile), runtime, compile(*), master" position="66">
				<license name="MIT License" url="http://www.opensource.org/licenses/mit-license.php"/>
				<metadata-artifact status="no" details="" size="3192" time="0" location="/Users/yuenpingleung/.ivy2/cache/com.github.jnr/jnr-x86asm/ivy-1.0.2.xml" searched="false" origin-is-local="false" origin-location="https://repo1.maven.org/maven2/com/github/jnr/jnr-x86asm/1.0.2/jnr-x86asm-1.0.2.pom"/>
				<caller organisation="com.github.jnr" name="jnr-ffi" conf="compile, runtime" rev="1.0.2" rev-constraint-default="1.0.2" rev-constraint-dynamic="1.0.2" callerrev="2.0.7"/>
				<artifacts>
					<artifact name="jnr-x86asm" type="jar" ext="jar" status="no" details="" size="219943" time="0" location="/Users/yuenpingleung/.ivy2/cache/com.github.jnr/jnr-x86asm/jars/jnr-x86asm-1.0.2.jar">
						<origin-location is-local="false" location="https://repo1.maven.org/maven2/com/github/jnr/jnr-x86asm/1.0.2/jnr-x86asm-1.0.2.jar"/>
					</artifact>
				</artifacts>
			</revision>
		</module>
		<module organisation="org.ow2.asm" name="asm-util">
			<revision name="5.0.3" status="release" pubdate="20140524043053" resolver="sbt-chain" artresolver="sbt-chain" homepage="" downloaded="false" searched="false" default="false" conf="compile, runtime(*), master(compile), runtime, compile(*), master" position="65">
				<license name="BSD" url="http://asm.objectweb.org/license.html"/>
				<metadata-artifact status="no" details="" size="4134" time="0" location="/Users/yuenpingleung/.ivy2/cache/org.ow2.asm/asm-util/ivy-5.0.3.xml" searched="false" origin-is-local="false" origin-location="https://repo1.maven.org/maven2/org/ow2/asm/asm-util/5.0.3/asm-util-5.0.3.pom"/>
				<caller organisation="com.github.jnr" name="jnr-ffi" conf="compile, runtime" rev="5.0.3" rev-constraint-default="5.0.3" rev-constraint-dynamic="5.0.3" callerrev="2.0.7"/>
				<artifacts>
					<artifact name="asm-util" type="jar" ext="jar" status="no" details="" size="43296" time="0" location="/Users/yuenpingleung/.ivy2/cache/org.ow2.asm/asm-util/jars/asm-util-5.0.3.jar">
						<origin-location is-local="false" location="https://repo1.maven.org/maven2/org/ow2/asm/asm-util/5.0.3/asm-util-5.0.3.jar"/>
					</artifact>
				</artifacts>
			</revision>
		</module>
		<module organisation="org.ow2.asm" name="asm-analysis">
			<revision name="5.0.3" status="release" pubdate="20140524043023" resolver="sbt-chain" artresolver="sbt-chain" homepage="" downloaded="false" searched="false" default="false" conf="compile, runtime(*), master(compile), runtime, compile(*), master" position="64">
				<license name="BSD" url="http://asm.objectweb.org/license.html"/>
				<metadata-artifact status="no" details="" size="4142" time="0" location="/Users/yuenpingleung/.ivy2/cache/org.ow2.asm/asm-analysis/ivy-5.0.3.xml" searched="false" origin-is-local="false" origin-location="https://repo1.maven.org/maven2/org/ow2/asm/asm-analysis/5.0.3/asm-analysis-5.0.3.pom"/>
				<caller organisation="com.github.jnr" name="jnr-ffi" conf="compile, runtime" rev="5.0.3" rev-constraint-default="5.0.3" rev-constraint-dynamic="5.0.3" callerrev="2.0.7"/>
				<artifacts>
					<artifact name="asm-analysis" type="jar" ext="jar" status="no" details="" size="20443" time="0" location="/Users/yuenpingleung/.ivy2/cache/org.ow2.asm/asm-analysis/jars/asm-analysis-5.0.3.jar">
						<origin-location is-local="false" location="https://repo1.maven.org/maven2/org/ow2/asm/asm-analysis/5.0.3/asm-analysis-5.0.3.jar"/>
					</artifact>
				</artifacts>
			</revision>
		</module>
		<module organisation="org.ow2.asm" name="asm-commons">
			<revision name="5.0.3" status="release" pubdate="20140524043033" resolver="sbt-chain" artresolver="sbt-chain" homepage="" downloaded="false" searched="false" default="false" conf="compile, runtime(*), master(compile), runtime, compile(*), master" position="62">
				<license name="BSD" url="http://asm.objectweb.org/license.html"/>
				<metadata-artifact status="no" details="" size="4140" time="0" location="/Users/yuenpingleung/.ivy2/cache/org.ow2.asm/asm-commons/ivy-5.0.3.xml" searched="false" origin-is-local="false" origin-location="https://repo1.maven.org/maven2/org/ow2/asm/asm-commons/5.0.3/asm-commons-5.0.3.pom"/>
				<caller organisation="com.github.jnr" name="jnr-ffi" conf="compile, runtime" rev="5.0.3" rev-constraint-default="5.0.3" rev-constraint-dynamic="5.0.3" callerrev="2.0.7"/>
				<artifacts>
					<artifact name="asm-commons" type="jar" ext="jar" status="no" details="" size="41717" time="0" location="/Users/yuenpingleung/.ivy2/cache/org.ow2.asm/asm-commons/jars/asm-commons-5.0.3.jar">
						<origin-location is-local="false" location="https://repo1.maven.org/maven2/org/ow2/asm/asm-commons/5.0.3/asm-commons-5.0.3.jar"/>
					</artifact>
				</artifacts>
			</revision>
		</module>
		<module organisation="org.ow2.asm" name="asm-tree">
			<revision name="5.0.3" status="release" pubdate="20140524043043" resolver="sbt-chain" artresolver="sbt-chain" homepage="" downloaded="false" searched="false" default="false" conf="compile, runtime(*), master(compile), runtime, compile(*), master" position="63">
				<license name="BSD" url="http://asm.objectweb.org/license.html"/>
				<metadata-artifact status="no" details="" size="4129" time="0" location="/Users/yuenpingleung/.ivy2/cache/org.ow2.asm/asm-tree/ivy-5.0.3.xml" searched="false" origin-is-local="false" origin-location="https://repo1.maven.org/maven2/org/ow2/asm/asm-tree/5.0.3/asm-tree-5.0.3.pom"/>
				<caller organisation="com.github.jnr" name="jnr-ffi" conf="compile, runtime" rev="5.0.3" rev-constraint-default="5.0.3" rev-constraint-dynamic="5.0.3" callerrev="2.0.7"/>
				<caller organisation="org.ow2.asm" name="asm-analysis" conf="compile, runtime" rev="5.0.3" rev-constraint-default="5.0.3" rev-constraint-dynamic="5.0.3" callerrev="5.0.3"/>
				<caller organisation="org.ow2.asm" name="asm-util" conf="compile, runtime" rev="5.0.3" rev-constraint-default="5.0.3" rev-constraint-dynamic="5.0.3" callerrev="5.0.3"/>
				<caller organisation="org.ow2.asm" name="asm-commons" conf="compile, runtime" rev="5.0.3" rev-constraint-default="5.0.3" rev-constraint-dynamic="5.0.3" callerrev="5.0.3"/>
				<artifacts>
					<artifact name="asm-tree" type="jar" ext="jar" status="no" details="" size="29036" time="0" location="/Users/yuenpingleung/.ivy2/cache/org.ow2.asm/asm-tree/jars/asm-tree-5.0.3.jar">
						<origin-location is-local="false" location="https://repo1.maven.org/maven2/org/ow2/asm/asm-tree/5.0.3/asm-tree-5.0.3.jar"/>
					</artifact>
				</artifacts>
			</revision>
		</module>
		<module organisation="com.github.jnr" name="jffi">
			<revision name="1.2.10" status="release" pubdate="20151106141808" resolver="sbt-chain" artresolver="sbt-chain" homepage="http://github.com/jnr/jffi" downloaded="false" searched="false" default="false" conf="compile, runtime(*), master(compile), runtime, compile(*), master" position="60">
				<license name="The Apache Software License, Version 2.0" url="http://www.apache.org/licenses/LICENSE-2.0.txt"/>
				<metadata-artifact status="no" details="" size="3619" time="0" location="/Users/yuenpingleung/.ivy2/cache/com.github.jnr/jffi/ivy-1.2.10.xml" searched="false" origin-is-local="false" origin-location="https://repo1.maven.org/maven2/com/github/jnr/jffi/1.2.10/jffi-1.2.10.pom"/>
				<caller organisation="com.github.jnr" name="jnr-ffi" conf="compile, runtime" rev="1.2.10" rev-constraint-default="1.2.10" rev-constraint-dynamic="1.2.10" callerrev="2.0.7"/>
				<artifacts>
					<artifact name="jffi" type="jar" ext="jar" status="no" details="" size="149044" time="0" location="/Users/yuenpingleung/.ivy2/cache/com.github.jnr/jffi/jars/jffi-1.2.10.jar">
						<origin-location is-local="false" location="https://repo1.maven.org/maven2/com/github/jnr/jffi/1.2.10/jffi-1.2.10.jar"/>
					</artifact>
					<artifact name="jffi" type="jar" ext="jar" extra-classifier="native" status="no" details="" size="456199" time="0" location="/Users/yuenpingleung/.ivy2/cache/com.github.jnr/jffi/jars/jffi-1.2.10-native.jar">
						<origin-location is-local="false" location="https://repo1.maven.org/maven2/com/github/jnr/jffi/1.2.10/jffi-1.2.10-native.jar"/>
					</artifact>
				</artifacts>
			</revision>
		</module>
		<module organisation="io.dropwizard.metrics" name="metrics-core">
			<revision name="3.1.2" status="release" pubdate="20150425235901" resolver="sbt-chain" artresolver="sbt-chain" homepage="" downloaded="false" searched="false" default="false" conf="compile, runtime(*), master(compile), runtime, compile(*), master" position="58">
				<license name="Apache License 2.0" url="http://www.apache.org/licenses/LICENSE-2.0.html"/>
				<metadata-artifact status="no" details="" size="5135" time="0" location="/Users/yuenpingleung/.ivy2/cache/io.dropwizard.metrics/metrics-core/ivy-3.1.2.xml" searched="false" origin-is-local="false" origin-location="https://repo1.maven.org/maven2/io/dropwizard/metrics/metrics-core/3.1.2/metrics-core-3.1.2.pom"/>
				<caller organisation="com.datastax.cassandra" name="cassandra-driver-core" conf="compile, runtime" rev="3.1.2" rev-constraint-default="3.1.2" rev-constraint-dynamic="3.1.2" callerrev="3.2.0"/>
				<artifacts>
					<artifact name="metrics-core" type="bundle" ext="jar" status="no" details="" size="112558" time="0" location="/Users/yuenpingleung/.ivy2/cache/io.dropwizard.metrics/metrics-core/bundles/metrics-core-3.1.2.jar">
						<origin-location is-local="false" location="https://repo1.maven.org/maven2/io/dropwizard/metrics/metrics-core/3.1.2/metrics-core-3.1.2.jar"/>
					</artifact>
				</artifacts>
			</revision>
		</module>
		<module organisation="io.netty" name="netty-handler">
			<revision name="4.0.44.Final" status="release" pubdate="20170130114911" resolver="sbt-chain" artresolver="sbt-chain" homepage="" downloaded="false" searched="false" default="false" conf="compile, runtime(*), master(compile), runtime, compile(*), master" position="52">
				<license name="Apache License, Version 2.0" url="http://www.apache.org/licenses/LICENSE-2.0"/>
				<metadata-artifact status="no" details="" size="15738" time="0" location="/Users/yuenpingleung/.ivy2/cache/io.netty/netty-handler/ivy-4.0.44.Final.xml" searched="false" origin-is-local="false" origin-location="https://repo1.maven.org/maven2/io/netty/netty-handler/4.0.44.Final/netty-handler-4.0.44.Final.pom"/>
				<caller organisation="io.netty" name="netty-codec-http" conf="compile, runtime" rev="4.0.41.Final" rev-constraint-default="4.0.41.Final" rev-constraint-dynamic="4.0.41.Final" callerrev="4.0.41.Final"/>
				<caller organisation="com.typesafe.netty" name="netty-reactive-streams" conf="compile, runtime" rev="4.0.41.Final" rev-constraint-default="4.0.41.Final" rev-constraint-dynamic="4.0.41.Final" callerrev="1.0.8"/>
				<caller organisation="com.datastax.cassandra" name="cassandra-driver-core" conf="compile, runtime" rev="4.0.44.Final" rev-constraint-default="4.0.44.Final" rev-constraint-dynamic="4.0.44.Final" callerrev="3.2.0"/>
				<artifacts>
					<artifact name="netty-handler" type="jar" ext="jar" status="no" details="" size="321759" time="0" location="/Users/yuenpingleung/.ivy2/cache/io.netty/netty-handler/jars/netty-handler-4.0.44.Final.jar">
						<origin-location is-local="false" location="https://repo1.maven.org/maven2/io/netty/netty-handler/4.0.44.Final/netty-handler-4.0.44.Final.jar"/>
					</artifact>
				</artifacts>
			</revision>
			<revision name="4.0.41.Final" status="release" pubdate="20160829125840" resolver="sbt-chain" artresolver="sbt-chain" evicted="latest-revision" evicted-reason="" homepage="" downloaded="false" searched="false" default="false" conf="compile, runtime(*), master(compile), runtime, compile(*), master" position="-1">
				<license name="Apache License, Version 2.0" url="http://www.apache.org/licenses/LICENSE-2.0"/>
				<metadata-artifact status="no" details="" size="15740" time="0" location="/Users/yuenpingleung/.ivy2/cache/io.netty/netty-handler/ivy-4.0.41.Final.xml" searched="false" origin-is-local="false" origin-location="https://repo1.maven.org/maven2/io/netty/netty-handler/4.0.41.Final/netty-handler-4.0.41.Final.pom"/>
				<evicted-by rev="4.0.44.Final"/>
				<caller organisation="io.netty" name="netty-codec-http" conf="compile, runtime" rev="4.0.41.Final" rev-constraint-default="4.0.41.Final" rev-constraint-dynamic="4.0.41.Final" callerrev="4.0.41.Final"/>
				<caller organisation="com.typesafe.netty" name="netty-reactive-streams" conf="compile, runtime" rev="4.0.41.Final" rev-constraint-default="4.0.41.Final" rev-constraint-dynamic="4.0.41.Final" callerrev="1.0.8"/>
				<artifacts>
				</artifacts>
			</revision>
		</module>
		<module organisation="io.netty" name="netty-codec">
			<revision name="4.0.44.Final" status="release" pubdate="20170130114747" resolver="sbt-chain" artresolver="sbt-chain" homepage="" downloaded="false" searched="false" default="false" conf="compile, runtime(*), master(compile), runtime, compile(*), master" position="56">
				<license name="Apache License, Version 2.0" url="http://www.apache.org/licenses/LICENSE-2.0"/>
				<metadata-artifact status="no" details="" size="15425" time="0" location="/Users/yuenpingleung/.ivy2/cache/io.netty/netty-codec/ivy-4.0.44.Final.xml" searched="false" origin-is-local="false" origin-location="https://repo1.maven.org/maven2/io/netty/netty-codec/4.0.44.Final/netty-codec-4.0.44.Final.pom"/>
				<caller organisation="io.netty" name="netty-handler" conf="compile, runtime" rev="4.0.41.Final" rev-constraint-default="4.0.41.Final" rev-constraint-dynamic="4.0.41.Final" callerrev="4.0.41.Final"/>
				<caller organisation="io.netty" name="netty-handler" conf="compile, runtime" rev="4.0.44.Final" rev-constraint-default="4.0.44.Final" rev-constraint-dynamic="4.0.44.Final" callerrev="4.0.44.Final"/>
				<caller organisation="io.netty" name="netty-codec-http" conf="compile, runtime" rev="4.0.41.Final" rev-constraint-default="4.0.41.Final" rev-constraint-dynamic="4.0.41.Final" callerrev="4.0.41.Final"/>
				<artifacts>
					<artifact name="netty-codec" type="jar" ext="jar" status="no" details="" size="148299" time="0" location="/Users/yuenpingleung/.ivy2/cache/io.netty/netty-codec/jars/netty-codec-4.0.44.Final.jar">
						<origin-location is-local="false" location="https://repo1.maven.org/maven2/io/netty/netty-codec/4.0.44.Final/netty-codec-4.0.44.Final.jar"/>
					</artifact>
				</artifacts>
			</revision>
			<revision name="4.0.41.Final" status="release" pubdate="20160829125741" resolver="sbt-chain" artresolver="sbt-chain" evicted="latest-revision" evicted-reason="" homepage="" downloaded="false" searched="false" default="false" conf="compile, runtime(*), master(compile), runtime, compile(*), master" position="-1">
				<license name="Apache License, Version 2.0" url="http://www.apache.org/licenses/LICENSE-2.0"/>
				<metadata-artifact status="no" details="" size="15427" time="0" location="/Users/yuenpingleung/.ivy2/cache/io.netty/netty-codec/ivy-4.0.41.Final.xml" searched="false" origin-is-local="false" origin-location="https://repo1.maven.org/maven2/io/netty/netty-codec/4.0.41.Final/netty-codec-4.0.41.Final.pom"/>
				<evicted-by rev="4.0.44.Final"/>
				<caller organisation="io.netty" name="netty-handler" conf="compile, runtime" rev="4.0.41.Final" rev-constraint-default="4.0.41.Final" rev-constraint-dynamic="4.0.41.Final" callerrev="4.0.41.Final"/>
				<caller organisation="io.netty" name="netty-codec-http" conf="compile, runtime" rev="4.0.41.Final" rev-constraint-default="4.0.41.Final" rev-constraint-dynamic="4.0.41.Final" callerrev="4.0.41.Final"/>
				<artifacts>
				</artifacts>
			</revision>
		</module>
		<module organisation="io.netty" name="netty-transport">
			<revision name="4.0.44.Final" status="release" pubdate="20170130114731" resolver="sbt-chain" artresolver="sbt-chain" homepage="" downloaded="false" searched="false" default="false" conf="compile, runtime(*), master(compile), runtime, compile(*), master" position="55">
				<license name="Apache License, Version 2.0" url="http://www.apache.org/licenses/LICENSE-2.0"/>
				<metadata-artifact status="no" details="" size="14743" time="0" location="/Users/yuenpingleung/.ivy2/cache/io.netty/netty-transport/ivy-4.0.44.Final.xml" searched="false" origin-is-local="false" origin-location="https://repo1.maven.org/maven2/io/netty/netty-transport/4.0.44.Final/netty-transport-4.0.44.Final.pom"/>
				<caller organisation="io.netty" name="netty-codec" conf="compile, runtime" rev="4.0.41.Final" rev-constraint-default="4.0.41.Final" rev-constraint-dynamic="4.0.41.Final" callerrev="4.0.41.Final"/>
				<caller organisation="io.netty" name="netty-handler" conf="compile, runtime" rev="4.0.41.Final" rev-constraint-default="4.0.41.Final" rev-constraint-dynamic="4.0.41.Final" callerrev="4.0.41.Final"/>
				<caller organisation="io.netty" name="netty-handler" conf="compile, runtime" rev="4.0.44.Final" rev-constraint-default="4.0.44.Final" rev-constraint-dynamic="4.0.44.Final" callerrev="4.0.44.Final"/>
				<caller organisation="io.netty" name="netty-codec" conf="compile, runtime" rev="4.0.44.Final" rev-constraint-default="4.0.44.Final" rev-constraint-dynamic="4.0.44.Final" callerrev="4.0.44.Final"/>
				<caller organisation="io.netty" name="netty-transport-native-epoll" conf="compile, runtime" rev="4.0.41.Final" rev-constraint-default="4.0.41.Final" rev-constraint-dynamic="4.0.41.Final" callerrev="4.0.41.Final"/>
				<artifacts>
					<artifact name="netty-transport" type="jar" ext="jar" status="no" details="" size="377020" time="0" location="/Users/yuenpingleung/.ivy2/cache/io.netty/netty-transport/jars/netty-transport-4.0.44.Final.jar">
						<origin-location is-local="false" location="https://repo1.maven.org/maven2/io/netty/netty-transport/4.0.44.Final/netty-transport-4.0.44.Final.jar"/>
					</artifact>
				</artifacts>
			</revision>
			<revision name="4.0.41.Final" status="release" pubdate="20160829125711" resolver="sbt-chain" artresolver="sbt-chain" evicted="latest-revision" evicted-reason="" homepage="" downloaded="false" searched="false" default="false" conf="compile, runtime(*), master(compile), runtime, compile(*), master" position="-1">
				<license name="Apache License, Version 2.0" url="http://www.apache.org/licenses/LICENSE-2.0"/>
				<metadata-artifact status="no" details="" size="14745" time="0" location="/Users/yuenpingleung/.ivy2/cache/io.netty/netty-transport/ivy-4.0.41.Final.xml" searched="false" origin-is-local="false" origin-location="https://repo1.maven.org/maven2/io/netty/netty-transport/4.0.41.Final/netty-transport-4.0.41.Final.pom"/>
				<evicted-by rev="4.0.44.Final"/>
				<caller organisation="io.netty" name="netty-codec" conf="compile, runtime" rev="4.0.41.Final" rev-constraint-default="4.0.41.Final" rev-constraint-dynamic="4.0.41.Final" callerrev="4.0.41.Final"/>
				<caller organisation="io.netty" name="netty-handler" conf="compile, runtime" rev="4.0.41.Final" rev-constraint-default="4.0.41.Final" rev-constraint-dynamic="4.0.41.Final" callerrev="4.0.41.Final"/>
				<caller organisation="io.netty" name="netty-transport-native-epoll" conf="compile, runtime" rev="4.0.41.Final" rev-constraint-default="4.0.41.Final" rev-constraint-dynamic="4.0.41.Final" callerrev="4.0.41.Final"/>
				<artifacts>
				</artifacts>
			</revision>
		</module>
		<module organisation="io.netty" name="netty-buffer">
			<revision name="4.0.44.Final" status="release" pubdate="20170130114607" resolver="sbt-chain" artresolver="sbt-chain" homepage="" downloaded="false" searched="false" default="false" conf="compile, runtime(*), master(compile), runtime, compile(*), master" position="53">
				<license name="Apache License, Version 2.0" url="http://www.apache.org/licenses/LICENSE-2.0"/>
				<metadata-artifact status="no" details="" size="14737" time="0" location="/Users/yuenpingleung/.ivy2/cache/io.netty/netty-buffer/ivy-4.0.44.Final.xml" searched="false" origin-is-local="false" origin-location="https://repo1.maven.org/maven2/io/netty/netty-buffer/4.0.44.Final/netty-buffer-4.0.44.Final.pom"/>
				<caller organisation="io.netty" name="netty-handler" conf="compile, runtime" rev="4.0.41.Final" rev-constraint-default="4.0.41.Final" rev-constraint-dynamic="4.0.41.Final" callerrev="4.0.41.Final"/>
				<caller organisation="io.netty" name="netty-handler" conf="compile, runtime" rev="4.0.44.Final" rev-constraint-default="4.0.44.Final" rev-constraint-dynamic="4.0.44.Final" callerrev="4.0.44.Final"/>
				<caller organisation="io.netty" name="netty-transport" conf="compile, runtime" rev="4.0.44.Final" rev-constraint-default="4.0.44.Final" rev-constraint-dynamic="4.0.44.Final" callerrev="4.0.44.Final"/>
				<caller organisation="io.netty" name="netty-transport" conf="compile, runtime" rev="4.0.41.Final" rev-constraint-default="4.0.41.Final" rev-constraint-dynamic="4.0.41.Final" callerrev="4.0.41.Final"/>
				<caller organisation="io.netty" name="netty-transport-native-epoll" conf="compile, runtime" rev="4.0.41.Final" rev-constraint-default="4.0.41.Final" rev-constraint-dynamic="4.0.41.Final" callerrev="4.0.41.Final"/>
				<artifacts>
					<artifact name="netty-buffer" type="jar" ext="jar" status="no" details="" size="224193" time="0" location="/Users/yuenpingleung/.ivy2/cache/io.netty/netty-buffer/jars/netty-buffer-4.0.44.Final.jar">
						<origin-location is-local="false" location="https://repo1.maven.org/maven2/io/netty/netty-buffer/4.0.44.Final/netty-buffer-4.0.44.Final.jar"/>
					</artifact>
				</artifacts>
			</revision>
			<revision name="4.0.41.Final" status="release" pubdate="20160829125556" resolver="sbt-chain" artresolver="sbt-chain" evicted="latest-revision" evicted-reason="" homepage="" downloaded="false" searched="false" default="false" conf="compile, runtime(*), master(compile), runtime, compile(*), master" position="-1">
				<license name="Apache License, Version 2.0" url="http://www.apache.org/licenses/LICENSE-2.0"/>
				<metadata-artifact status="no" details="" size="14739" time="0" location="/Users/yuenpingleung/.ivy2/cache/io.netty/netty-buffer/ivy-4.0.41.Final.xml" searched="false" origin-is-local="false" origin-location="https://repo1.maven.org/maven2/io/netty/netty-buffer/4.0.41.Final/netty-buffer-4.0.41.Final.pom"/>
				<evicted-by rev="4.0.44.Final"/>
				<caller organisation="io.netty" name="netty-handler" conf="compile, runtime" rev="4.0.41.Final" rev-constraint-default="4.0.41.Final" rev-constraint-dynamic="4.0.41.Final" callerrev="4.0.41.Final"/>
				<caller organisation="io.netty" name="netty-transport" conf="compile, runtime" rev="4.0.41.Final" rev-constraint-default="4.0.41.Final" rev-constraint-dynamic="4.0.41.Final" callerrev="4.0.41.Final"/>
				<caller organisation="io.netty" name="netty-transport-native-epoll" conf="compile, runtime" rev="4.0.41.Final" rev-constraint-default="4.0.41.Final" rev-constraint-dynamic="4.0.41.Final" callerrev="4.0.41.Final"/>
				<artifacts>
				</artifacts>
			</revision>
		</module>
		<module organisation="io.netty" name="netty-common">
			<revision name="4.0.44.Final" status="release" pubdate="20170130114442" resolver="sbt-chain" artresolver="sbt-chain" homepage="" downloaded="false" searched="false" default="false" conf="compile, runtime(*), master(compile), runtime, compile(*), master" position="54">
				<license name="Apache License, Version 2.0" url="http://www.apache.org/licenses/LICENSE-2.0"/>
				<metadata-artifact status="no" details="" size="16654" time="0" location="/Users/yuenpingleung/.ivy2/cache/io.netty/netty-common/ivy-4.0.44.Final.xml" searched="false" origin-is-local="false" origin-location="https://repo1.maven.org/maven2/io/netty/netty-common/4.0.44.Final/netty-common-4.0.44.Final.pom"/>
				<caller organisation="io.netty" name="netty-buffer" conf="compile, runtime" rev="4.0.41.Final" rev-constraint-default="4.0.41.Final" rev-constraint-dynamic="4.0.41.Final" callerrev="4.0.41.Final"/>
				<caller organisation="io.netty" name="netty-buffer" conf="compile, runtime" rev="4.0.44.Final" rev-constraint-default="4.0.44.Final" rev-constraint-dynamic="4.0.44.Final" callerrev="4.0.44.Final"/>
				<caller organisation="io.netty" name="netty-transport-native-epoll" conf="compile, runtime" rev="4.0.41.Final" rev-constraint-default="4.0.41.Final" rev-constraint-dynamic="4.0.41.Final" callerrev="4.0.41.Final"/>
				<artifacts>
					<artifact name="netty-common" type="jar" ext="jar" status="no" details="" size="536416" time="0" location="/Users/yuenpingleung/.ivy2/cache/io.netty/netty-common/jars/netty-common-4.0.44.Final.jar">
						<origin-location is-local="false" location="https://repo1.maven.org/maven2/io/netty/netty-common/4.0.44.Final/netty-common-4.0.44.Final.jar"/>
					</artifact>
				</artifacts>
			</revision>
			<revision name="4.0.41.Final" status="release" pubdate="20160829125431" resolver="sbt-chain" artresolver="sbt-chain" evicted="latest-revision" evicted-reason="" homepage="" downloaded="false" searched="false" default="false" conf="compile, runtime(*), master(compile), runtime, compile(*), master" position="-1">
				<license name="Apache License, Version 2.0" url="http://www.apache.org/licenses/LICENSE-2.0"/>
				<metadata-artifact status="no" details="" size="16656" time="0" location="/Users/yuenpingleung/.ivy2/cache/io.netty/netty-common/ivy-4.0.41.Final.xml" searched="false" origin-is-local="false" origin-location="https://repo1.maven.org/maven2/io/netty/netty-common/4.0.41.Final/netty-common-4.0.41.Final.pom"/>
				<evicted-by rev="4.0.44.Final"/>
				<caller organisation="io.netty" name="netty-buffer" conf="compile, runtime" rev="4.0.41.Final" rev-constraint-default="4.0.41.Final" rev-constraint-dynamic="4.0.41.Final" callerrev="4.0.41.Final"/>
				<caller organisation="io.netty" name="netty-transport-native-epoll" conf="compile, runtime" rev="4.0.41.Final" rev-constraint-default="4.0.41.Final" rev-constraint-dynamic="4.0.41.Final" callerrev="4.0.41.Final"/>
				<artifacts>
				</artifacts>
			</revision>
		</module>
		<module organisation="org.slf4j" name="log4j-over-slf4j">
			<revision name="1.7.21" status="release" pubdate="20160404143854" resolver="sbt-chain" artresolver="sbt-chain" homepage="http://www.slf4j.org" downloaded="false" searched="false" default="false" conf="compile, runtime(*), master(compile), runtime, compile(*), master" position="50">
				<license name="Apache Software Licenses" url="http://www.apache.org/licenses/LICENSE-2.0.txt"/>
				<metadata-artifact status="no" details="" size="5284" time="0" location="/Users/yuenpingleung/.ivy2/cache/org.slf4j/log4j-over-slf4j/ivy-1.7.21.xml" searched="false" origin-is-local="false" origin-location="https://repo1.maven.org/maven2/org/slf4j/log4j-over-slf4j/1.7.21/log4j-over-slf4j-1.7.21.pom"/>
				<caller organisation="com.outworkers" name="phantom-connectors_2.11" conf="default, compile, runtime, master" rev="1.7.21" rev-constraint-default="1.7.21" rev-constraint-dynamic="1.7.21" callerrev="2.6.4"/>
				<caller organisation="com.outworkers" name="phantom-finagle_2.11" conf="compile, runtime" rev="1.7.21" rev-constraint-default="1.7.21" rev-constraint-dynamic="1.7.21" callerrev="2.6.4"/>
				<caller organisation="com.outworkers" name="phantom-dsl_2.11" conf="default, compile, runtime, master" rev="1.7.21" rev-constraint-default="1.7.21" rev-constraint-dynamic="1.7.21" callerrev="2.6.4"/>
				<caller organisation="com.outworkers" name="phantom-thrift_2.11" conf="default, compile, runtime, master" rev="1.7.21" rev-constraint-default="1.7.21" rev-constraint-dynamic="1.7.21" callerrev="2.6.4"/>
				<artifacts>
					<artifact name="log4j-over-slf4j" type="jar" ext="jar" status="no" details="" size="23646" time="0" location="/Users/yuenpingleung/.ivy2/cache/org.slf4j/log4j-over-slf4j/jars/log4j-over-slf4j-1.7.21.jar">
						<origin-location is-local="false" location="https://repo1.maven.org/maven2/org/slf4j/log4j-over-slf4j/1.7.21/log4j-over-slf4j-1.7.21.jar"/>
					</artifact>
				</artifacts>
			</revision>
		</module>
		<module organisation="com.typesafe.play" name="play-logback_2.11">
			<revision name="2.5.14" status="release" pubdate="20170406182754" resolver="sbt-chain" artresolver="sbt-chain" homepage="https://playframework.com" downloaded="false" searched="false" default="false" conf="default, compile, runtime, default(compile), master" position="45">
				<license name="Apache-2.0" url="http://www.apache.org/licenses/LICENSE-2.0.html"/>
				<metadata-artifact status="no" details="" size="2954" time="0" location="/Users/yuenpingleung/.ivy2/cache/com.typesafe.play/play-logback_2.11/ivy-2.5.14.xml" searched="false" origin-is-local="false" origin-location="https://repo1.maven.org/maven2/com/typesafe/play/play-logback_2.11/2.5.14/play-logback_2.11-2.5.14.pom"/>
				<caller organisation="test" name="cassandra-loadtest_2.11" conf="compile, runtime-internal, runtime, optional" rev="2.5.14" rev-constraint-default="2.5.14" rev-constraint-dynamic="2.5.14" callerrev="0.0.80"/>
				<artifacts>
					<artifact name="play-logback_2.11" type="jar" ext="jar" status="no" details="" size="23669" time="0" location="/Users/yuenpingleung/.ivy2/cache/com.typesafe.play/play-logback_2.11/jars/play-logback_2.11-2.5.14.jar">
						<origin-location is-local="false" location="https://repo1.maven.org/maven2/com/typesafe/play/play-logback_2.11/2.5.14/play-logback_2.11-2.5.14.jar"/>
					</artifact>
				</artifacts>
			</revision>
		</module>
		<module organisation="com.typesafe.play" name="play-netty-server_2.11">
			<revision name="2.5.14" status="release" pubdate="20170406182822" resolver="sbt-chain" artresolver="sbt-chain" homepage="https://playframework.com" downloaded="false" searched="false" default="false" conf="default, compile, runtime, default(compile), master" position="40">
				<license name="Apache-2.0" url="http://www.apache.org/licenses/LICENSE-2.0.html"/>
				<metadata-artifact status="no" details="" size="3769" time="0" location="/Users/yuenpingleung/.ivy2/cache/com.typesafe.play/play-netty-server_2.11/ivy-2.5.14.xml" searched="false" origin-is-local="false" origin-location="https://repo1.maven.org/maven2/com/typesafe/play/play-netty-server_2.11/2.5.14/play-netty-server_2.11-2.5.14.pom"/>
				<caller organisation="test" name="cassandra-loadtest_2.11" conf="compile, runtime-internal, runtime, optional" rev="2.5.14" rev-constraint-default="2.5.14" rev-constraint-dynamic="2.5.14" callerrev="0.0.80"/>
				<artifacts>
					<artifact name="play-netty-server_2.11" type="jar" ext="jar" status="no" details="" size="195512" time="0" location="/Users/yuenpingleung/.ivy2/cache/com.typesafe.play/play-netty-server_2.11/jars/play-netty-server_2.11-2.5.14.jar">
						<origin-location is-local="false" location="https://repo1.maven.org/maven2/com/typesafe/play/play-netty-server_2.11/2.5.14/play-netty-server_2.11-2.5.14.jar"/>
					</artifact>
				</artifacts>
			</revision>
		</module>
		<module organisation="io.netty" name="netty-transport-native-epoll">
			<revision name="4.0.41.Final" status="release" pubdate="20160829132626" resolver="sbt-chain" artresolver="sbt-chain" homepage="" downloaded="false" searched="false" default="false" conf="compile, runtime(*), master(compile), runtime, compile(*), master" position="44">
				<license name="Apache License, Version 2.0" url="http://www.apache.org/licenses/LICENSE-2.0"/>
				<metadata-artifact status="no" details="" size="15718" time="0" location="/Users/yuenpingleung/.ivy2/cache/io.netty/netty-transport-native-epoll/ivy-4.0.41.Final.xml" searched="false" origin-is-local="false" origin-location="https://repo1.maven.org/maven2/io/netty/netty-transport-native-epoll/4.0.41.Final/netty-transport-native-epoll-4.0.41.Final.pom"/>
				<caller organisation="com.typesafe.play" name="play-netty-server_2.11" conf="default, compile, runtime, master" rev="4.0.41.Final" rev-constraint-default="4.0.41.Final" rev-constraint-dynamic="4.0.41.Final" callerrev="2.5.14"/>
				<artifacts>
					<artifact name="netty-transport-native-epoll" type="jar" ext="jar" extra-classifier="linux-x86_64" status="no" details="" size="147943" time="0" location="/Users/yuenpingleung/.ivy2/cache/io.netty/netty-transport-native-epoll/jars/netty-transport-native-epoll-4.0.41.Final-linux-x86_64.jar">
						<origin-location is-local="false" location="https://repo1.maven.org/maven2/io/netty/netty-transport-native-epoll/4.0.41.Final/netty-transport-native-epoll-4.0.41.Final-linux-x86_64.jar"/>
					</artifact>
				</artifacts>
			</revision>
		</module>
		<module organisation="com.typesafe.netty" name="netty-reactive-streams-http">
			<revision name="1.0.8" status="release" pubdate="20160912040045" resolver="sbt-chain" artresolver="sbt-chain" homepage="" downloaded="false" searched="false" default="false" conf="compile, runtime(*), master(compile), runtime, compile(*), master" position="41">
				<license name="Apache 2" url="http://www.apache.org/licenses/LICENSE-2.0.txt"/>
				<metadata-artifact status="no" details="" size="5037" time="0" location="/Users/yuenpingleung/.ivy2/cache/com.typesafe.netty/netty-reactive-streams-http/ivy-1.0.8.xml" searched="false" origin-is-local="false" origin-location="https://repo1.maven.org/maven2/com/typesafe/netty/netty-reactive-streams-http/1.0.8/netty-reactive-streams-http-1.0.8.pom"/>
				<caller organisation="com.typesafe.play" name="play-netty-server_2.11" conf="default, compile, runtime, master" rev="1.0.8" rev-constraint-default="1.0.8" rev-constraint-dynamic="1.0.8" callerrev="2.5.14"/>
				<artifacts>
					<artifact name="netty-reactive-streams-http" type="jar" ext="jar" status="no" details="" size="32318" time="0" location="/Users/yuenpingleung/.ivy2/cache/com.typesafe.netty/netty-reactive-streams-http/jars/netty-reactive-streams-http-1.0.8.jar">
						<origin-location is-local="false" location="https://repo1.maven.org/maven2/com/typesafe/netty/netty-reactive-streams-http/1.0.8/netty-reactive-streams-http-1.0.8.jar"/>
					</artifact>
				</artifacts>
			</revision>
		</module>
		<module organisation="io.netty" name="netty-codec-http">
			<revision name="4.0.41.Final" status="release" pubdate="20160829125921" resolver="sbt-chain" artresolver="sbt-chain" homepage="" downloaded="false" searched="false" default="false" conf="compile, runtime(*), master(compile), runtime, compile(*), master" position="43">
				<license name="Apache License, Version 2.0" url="http://www.apache.org/licenses/LICENSE-2.0"/>
				<metadata-artifact status="no" details="" size="15008" time="0" location="/Users/yuenpingleung/.ivy2/cache/io.netty/netty-codec-http/ivy-4.0.41.Final.xml" searched="false" origin-is-local="false" origin-location="https://repo1.maven.org/maven2/io/netty/netty-codec-http/4.0.41.Final/netty-codec-http-4.0.41.Final.pom"/>
				<caller organisation="com.typesafe.netty" name="netty-reactive-streams-http" conf="compile, runtime" rev="4.0.41.Final" rev-constraint-default="4.0.41.Final" rev-constraint-dynamic="4.0.41.Final" callerrev="1.0.8"/>
				<artifacts>
					<artifact name="netty-codec-http" type="jar" ext="jar" status="no" details="" size="453056" time="0" location="/Users/yuenpingleung/.ivy2/cache/io.netty/netty-codec-http/jars/netty-codec-http-4.0.41.Final.jar">
						<origin-location is-local="false" location="https://repo1.maven.org/maven2/io/netty/netty-codec-http/4.0.41.Final/netty-codec-http-4.0.41.Final.jar"/>
					</artifact>
				</artifacts>
			</revision>
		</module>
		<module organisation="com.typesafe.netty" name="netty-reactive-streams">
			<revision name="1.0.8" status="release" pubdate="20160912040042" resolver="sbt-chain" artresolver="sbt-chain" homepage="" downloaded="false" searched="false" default="false" conf="compile, runtime(*), master(compile), runtime, compile(*), master" position="42">
				<license name="Apache 2" url="http://www.apache.org/licenses/LICENSE-2.0.txt"/>
				<metadata-artifact status="no" details="" size="4889" time="0" location="/Users/yuenpingleung/.ivy2/cache/com.typesafe.netty/netty-reactive-streams/ivy-1.0.8.xml" searched="false" origin-is-local="false" origin-location="https://repo1.maven.org/maven2/com/typesafe/netty/netty-reactive-streams/1.0.8/netty-reactive-streams-1.0.8.pom"/>
				<caller organisation="com.typesafe.netty" name="netty-reactive-streams-http" conf="compile, runtime" rev="1.0.8" rev-constraint-default="1.0.8" rev-constraint-dynamic="1.0.8" callerrev="1.0.8"/>
				<artifacts>
					<artifact name="netty-reactive-streams" type="jar" ext="jar" status="no" details="" size="20938" time="0" location="/Users/yuenpingleung/.ivy2/cache/com.typesafe.netty/netty-reactive-streams/jars/netty-reactive-streams-1.0.8.jar">
						<origin-location is-local="false" location="https://repo1.maven.org/maven2/com/typesafe/netty/netty-reactive-streams/1.0.8/netty-reactive-streams-1.0.8.jar"/>
					</artifact>
				</artifacts>
			</revision>
		</module>
		<module organisation="org.scala-lang" name="scala-reflect">
			<revision name="2.11.8" status="release" pubdate="20160304102641" resolver="sbt-chain" artresolver="sbt-chain" homepage="http://www.scala-lang.org/" extra-info.apiURL="http://www.scala-lang.org/api/2.11.8/" downloaded="false" searched="false" default="false" conf="compile, runtime(*), master(compile), runtime, compile(*), master" position="15">
				<license name="BSD 3-Clause" url="http://www.scala-lang.org/license.html"/>
				<metadata-artifact status="no" details="" size="2825" time="0" location="/Users/yuenpingleung/.ivy2/cache/org.scala-lang/scala-reflect/ivy-2.11.8.xml" searched="false" origin-is-local="false" origin-location="https://repo1.maven.org/maven2/org/scala-lang/scala-reflect/2.11.8/scala-reflect-2.11.8.pom"/>
				<caller organisation="com.typesafe.play" name="play_2.11" conf="compile, runtime" rev="2.11.8" rev-constraint-default="2.11.8" rev-constraint-dynamic="2.11.8" callerrev="2.5.14"/>
				<caller organisation="com.twitter" name="util-core_2.11" conf="compile, runtime" rev="2.11.8" rev-constraint-default="2.11.8" rev-constraint-dynamic="2.11.8" callerrev="6.41.0"/>
				<caller organisation="com.typesafe.play" name="play-json_2.11" conf="compile, runtime" rev="2.11.8" rev-constraint-default="2.11.8" rev-constraint-dynamic="2.11.8" callerrev="2.5.14"/>
				<artifacts>
					<artifact name="scala-reflect" type="jar" ext="jar" status="no" details="" size="4573750" time="0" location="/Users/yuenpingleung/.ivy2/cache/org.scala-lang/scala-reflect/jars/scala-reflect-2.11.8.jar">
						<origin-location is-local="false" location="https://repo1.maven.org/maven2/org/scala-lang/scala-reflect/2.11.8/scala-reflect-2.11.8.jar"/>
					</artifact>
				</artifacts>
			</revision>
		</module>
		<module organisation="com.typesafe.play" name="play-server_2.11">
			<revision name="2.5.14" status="release" pubdate="20170406182812" resolver="sbt-chain" artresolver="sbt-chain" homepage="https://playframework.com" downloaded="false" searched="false" default="false" conf="default, compile, runtime(*), master(compile), runtime, default(compile), compile(*), master" position="4">
				<license name="Apache-2.0" url="http://www.apache.org/licenses/LICENSE-2.0.html"/>
				<metadata-artifact status="no" details="" size="3567" time="0" location="/Users/yuenpingleung/.ivy2/cache/com.typesafe.play/play-server_2.11/ivy-2.5.14.xml" searched="false" origin-is-local="false" origin-location="https://repo1.maven.org/maven2/com/typesafe/play/play-server_2.11/2.5.14/play-server_2.11-2.5.14.pom"/>
				<caller organisation="com.typesafe.play" name="play-netty-server_2.11" conf="default, compile, runtime, master" rev="2.5.14" rev-constraint-default="2.5.14" rev-constraint-dynamic="2.5.14" callerrev="2.5.14"/>
				<caller organisation="test" name="cassandra-loadtest_2.11" conf="compile, runtime-internal, runtime, optional" rev="2.5.14" rev-constraint-default="2.5.14" rev-constraint-dynamic="2.5.14" callerrev="0.0.80"/>
				<artifacts>
					<artifact name="play-server_2.11" type="jar" ext="jar" status="no" details="" size="292531" time="0" location="/Users/yuenpingleung/.ivy2/cache/com.typesafe.play/play-server_2.11/jars/play-server_2.11-2.5.14.jar">
						<origin-location is-local="false" location="https://repo1.maven.org/maven2/com/typesafe/play/play-server_2.11/2.5.14/play-server_2.11-2.5.14.jar"/>
					</artifact>
				</artifacts>
			</revision>
		</module>
		<module organisation="com.typesafe.play" name="play_2.11">
			<revision name="2.5.14" status="release" pubdate="20170406182948" resolver="sbt-chain" artresolver="sbt-chain" homepage="https://playframework.com" downloaded="false" searched="false" default="false" conf="compile, runtime(*), master(compile), runtime, compile(*), master" position="5">
				<license name="Apache-2.0" url="http://www.apache.org/licenses/LICENSE-2.0.html"/>
				<metadata-artifact status="no" details="" size="8327" time="0" location="/Users/yuenpingleung/.ivy2/cache/com.typesafe.play/play_2.11/ivy-2.5.14.xml" searched="false" origin-is-local="false" origin-location="https://repo1.maven.org/maven2/com/typesafe/play/play_2.11/2.5.14/play_2.11-2.5.14.pom"/>
				<caller organisation="com.typesafe.play" name="play-server_2.11" conf="default, compile, runtime, master" rev="2.5.14" rev-constraint-default="2.5.14" rev-constraint-dynamic="2.5.14" callerrev="2.5.14"/>
				<caller organisation="com.typesafe.play" name="play-logback_2.11" conf="default, compile, runtime, master" rev="2.5.14" rev-constraint-default="2.5.14" rev-constraint-dynamic="2.5.14" callerrev="2.5.14"/>
				<artifacts>
					<artifact name="play_2.11" type="jar" ext="jar" status="no" details="" size="4112455" time="0" location="/Users/yuenpingleung/.ivy2/cache/com.typesafe.play/play_2.11/jars/play_2.11-2.5.14.jar">
						<origin-location is-local="false" location="https://repo1.maven.org/maven2/com/typesafe/play/play_2.11/2.5.14/play_2.11-2.5.14.jar"/>
					</artifact>
				</artifacts>
			</revision>
		</module>
		<module organisation="com.google.guava" name="guava">
			<revision name="19.0" status="release" pubdate="20151209155835" resolver="sbt-chain" artresolver="sbt-chain" homepage="" downloaded="false" searched="false" default="false" conf="compile, runtime(*), master(compile), runtime, compile(*), master" position="57">
				<license name="The Apache Software License, Version 2.0" url="http://www.apache.org/licenses/LICENSE-2.0.txt"/>
				<metadata-artifact status="no" details="" size="6356" time="0" location="/Users/yuenpingleung/.ivy2/cache/com.google.guava/guava/ivy-19.0.xml" searched="false" origin-is-local="false" origin-location="https://repo1.maven.org/maven2/com/google/guava/guava/19.0/guava-19.0.pom"/>
				<caller organisation="com.google.inject" name="guice" conf="compile, runtime" rev="16.0.1" rev-constraint-default="16.0.1" rev-constraint-dynamic="16.0.1" callerrev="4.0"/>
				<caller organisation="com.twitter" name="util-app_2.11" conf="compile, runtime" rev="16.0.1" rev-constraint-default="16.0.1" rev-constraint-dynamic="16.0.1" callerrev="6.41.0"/>
				<caller organisation="com.datastax.cassandra" name="cassandra-driver-extras" conf="compile, runtime" rev="19.0" rev-constraint-default="19.0" rev-constraint-dynamic="19.0" callerrev="3.2.0"/>
				<caller organisation="com.datastax.cassandra" name="cassandra-driver-core" conf="compile, runtime" rev="19.0" rev-constraint-default="19.0" rev-constraint-dynamic="19.0" callerrev="3.2.0"/>
				<artifacts>
					<artifact name="guava" type="bundle" ext="jar" status="no" details="" size="2308517" time="0" location="/Users/yuenpingleung/.ivy2/cache/com.google.guava/guava/bundles/guava-19.0.jar">
						<origin-location is-local="false" location="https://repo1.maven.org/maven2/com/google/guava/guava/19.0/guava-19.0.jar"/>
					</artifact>
				</artifacts>
			</revision>
			<revision name="16.0.1" status="release" pubdate="20140203174528" resolver="sbt-chain" artresolver="sbt-chain" evicted="latest-revision" evicted-reason="" homepage="" downloaded="false" searched="false" default="false" conf="compile, runtime(*), master(compile), runtime, compile(*), master" position="-1">
				<license name="The Apache Software License, Version 2.0" url="http://www.apache.org/licenses/LICENSE-2.0.txt"/>
				<metadata-artifact status="no" details="" size="5619" time="0" location="/Users/yuenpingleung/.ivy2/cache/com.google.guava/guava/ivy-16.0.1.xml" searched="false" origin-is-local="false" origin-location="https://repo1.maven.org/maven2/com/google/guava/guava/16.0.1/guava-16.0.1.pom"/>
				<evicted-by rev="19.0"/>
				<caller organisation="com.google.inject" name="guice" conf="compile, runtime" rev="16.0.1" rev-constraint-default="16.0.1" rev-constraint-dynamic="16.0.1" callerrev="4.0"/>
				<caller organisation="com.twitter" name="util-app_2.11" conf="compile, runtime" rev="16.0.1" rev-constraint-default="16.0.1" rev-constraint-dynamic="16.0.1" callerrev="6.41.0"/>
				<artifacts>
				</artifacts>
			</revision>
		</module>
		<module organisation="com.google.inject.extensions" name="guice-assistedinject">
			<revision name="4.0" status="release" pubdate="20150428163500" resolver="sbt-chain" artresolver="sbt-chain" homepage="" downloaded="false" searched="false" default="false" conf="compile, runtime(*), master(compile), runtime, compile(*), master" position="39">
				<license name="The Apache Software License, Version 2.0" url="http://www.apache.org/licenses/LICENSE-2.0.txt"/>
				<metadata-artifact status="no" details="" size="5099" time="0" location="/Users/yuenpingleung/.ivy2/cache/com.google.inject.extensions/guice-assistedinject/ivy-4.0.xml" searched="false" origin-is-local="false" origin-location="https://repo1.maven.org/maven2/com/google/inject/extensions/guice-assistedinject/4.0/guice-assistedinject-4.0.pom"/>
				<caller organisation="com.typesafe.play" name="play_2.11" conf="compile, runtime" rev="4.0" rev-constraint-default="4.0" rev-constraint-dynamic="4.0" callerrev="2.5.14"/>
				<artifacts>
					<artifact name="guice-assistedinject" type="jar" ext="jar" status="no" details="" size="43425" time="0" location="/Users/yuenpingleung/.ivy2/cache/com.google.inject.extensions/guice-assistedinject/jars/guice-assistedinject-4.0.jar">
						<origin-location is-local="false" location="https://repo1.maven.org/maven2/com/google/inject/extensions/guice-assistedinject/4.0/guice-assistedinject-4.0.jar"/>
					</artifact>
				</artifacts>
			</revision>
		</module>
		<module organisation="com.google.inject" name="guice">
			<revision name="4.0" status="release" pubdate="20150428163326" resolver="sbt-chain" artresolver="sbt-chain" homepage="" downloaded="false" searched="false" default="false" conf="compile, runtime(*), master(compile), runtime, compile(*), master" position="36">
				<license name="The Apache Software License, Version 2.0" url="http://www.apache.org/licenses/LICENSE-2.0.txt"/>
				<metadata-artifact status="no" details="" size="5450" time="0" location="/Users/yuenpingleung/.ivy2/cache/com.google.inject/guice/ivy-4.0.xml" searched="false" origin-is-local="false" origin-location="https://repo1.maven.org/maven2/com/google/inject/guice/4.0/guice-4.0.pom"/>
				<caller organisation="com.typesafe.play" name="play_2.11" conf="compile, runtime" rev="4.0" rev-constraint-default="4.0" rev-constraint-dynamic="4.0" callerrev="2.5.14"/>
				<caller organisation="com.google.inject.extensions" name="guice-assistedinject" conf="compile, runtime" rev="4.0" rev-constraint-default="4.0" rev-constraint-dynamic="4.0" callerrev="4.0"/>
				<artifacts>
					<artifact name="guice" type="jar" ext="jar" status="no" details="" size="668235" time="0" location="/Users/yuenpingleung/.ivy2/cache/com.google.inject/guice/jars/guice-4.0.jar">
						<origin-location is-local="false" location="https://repo1.maven.org/maven2/com/google/inject/guice/4.0/guice-4.0.jar"/>
					</artifact>
				</artifacts>
			</revision>
		</module>
		<module organisation="org.ow2.asm" name="asm">
			<revision name="5.0.3" status="release" pubdate="20140524043012" resolver="sbt-chain" artresolver="sbt-chain" homepage="" downloaded="false" searched="false" default="false" conf="compile, runtime(*), master(compile), runtime, compile(*), master" position="61">
				<license name="BSD" url="http://asm.objectweb.org/license.html"/>
				<metadata-artifact status="no" details="" size="3953" time="0" location="/Users/yuenpingleung/.ivy2/cache/org.ow2.asm/asm/ivy-5.0.3.xml" searched="false" origin-is-local="false" origin-location="https://repo1.maven.org/maven2/org/ow2/asm/asm/5.0.3/asm-5.0.3.pom"/>
				<caller organisation="com.github.jnr" name="jnr-ffi" conf="compile, runtime" rev="5.0.3" rev-constraint-default="5.0.3" rev-constraint-dynamic="5.0.3" callerrev="2.0.7"/>
				<caller organisation="org.ow2.asm" name="asm-tree" conf="compile, runtime" rev="5.0.3" rev-constraint-default="5.0.3" rev-constraint-dynamic="5.0.3" callerrev="5.0.3"/>
				<artifacts>
					<artifact name="asm" type="jar" ext="jar" status="no" details="" size="53231" time="0" location="/Users/yuenpingleung/.ivy2/cache/org.ow2.asm/asm/jars/asm-5.0.3.jar">
						<origin-location is-local="false" location="https://repo1.maven.org/maven2/org/ow2/asm/asm/5.0.3/asm-5.0.3.jar"/>
					</artifact>
				</artifacts>
			</revision>
		</module>
		<module organisation="aopalliance" name="aopalliance">
			<revision name="1.0" status="release" pubdate="20070226174340" resolver="sbt-chain" artresolver="sbt-chain" homepage="http://aopalliance.sourceforge.net" downloaded="false" searched="false" default="false" conf="compile, runtime(*), master(compile), runtime, compile(*), master" position="38">
				<license name="Public Domain"/>
				<metadata-artifact status="no" details="" size="2417" time="0" location="/Users/yuenpingleung/.ivy2/cache/aopalliance/aopalliance/ivy-1.0.xml" searched="false" origin-is-local="false" origin-location="https://repo1.maven.org/maven2/aopalliance/aopalliance/1.0/aopalliance-1.0.pom"/>
				<caller organisation="com.google.inject" name="guice" conf="compile, runtime" rev="1.0" rev-constraint-default="1.0" rev-constraint-dynamic="1.0" callerrev="4.0"/>
				<artifacts>
					<artifact name="aopalliance" type="jar" ext="jar" status="no" details="" size="4467" time="0" location="/Users/yuenpingleung/.ivy2/cache/aopalliance/aopalliance/jars/aopalliance-1.0.jar">
						<origin-location is-local="false" location="https://repo1.maven.org/maven2/aopalliance/aopalliance/1.0/aopalliance-1.0.jar"/>
					</artifact>
				</artifacts>
			</revision>
		</module>
		<module organisation="javax.inject" name="javax.inject">
			<revision name="1" status="release" pubdate="20091013193500" resolver="sbt-chain" artresolver="sbt-chain" homepage="http://code.google.com/p/atinject/" downloaded="false" searched="false" default="false" conf="compile, runtime(*), master(compile), runtime, compile(*), master" position="37">
				<license name="The Apache Software License, Version 2.0" url="http://www.apache.org/licenses/LICENSE-2.0.txt"/>
				<metadata-artifact status="no" details="" size="2506" time="0" location="/Users/yuenpingleung/.ivy2/cache/javax.inject/javax.inject/ivy-1.xml" searched="false" origin-is-local="false" origin-location="https://repo1.maven.org/maven2/javax/inject/javax.inject/1/javax.inject-1.pom"/>
				<caller organisation="com.google.inject" name="guice" conf="compile, runtime" rev="1" rev-constraint-default="1" rev-constraint-dynamic="1" callerrev="4.0"/>
				<artifacts>
					<artifact name="javax.inject" type="jar" ext="jar" status="no" details="" size="2497" time="0" location="/Users/yuenpingleung/.ivy2/cache/javax.inject/javax.inject/jars/javax.inject-1.jar">
						<origin-location is-local="false" location="https://repo1.maven.org/maven2/javax/inject/javax.inject/1/javax.inject-1.jar"/>
					</artifact>
				</artifacts>
			</revision>
		</module>
		<module organisation="javax.transaction" name="jta">
			<revision name="1.1" status="release" pubdate="20081027212721" resolver="sbt-chain" artresolver="sbt-chain" homepage="http://java.sun.com/products/jta" downloaded="false" searched="false" default="false" conf="compile, runtime(*), master(compile), runtime, compile(*), master" position="35">
				<metadata-artifact status="no" details="" size="2479" time="0" location="/Users/yuenpingleung/.ivy2/cache/javax.transaction/jta/ivy-1.1.xml" searched="false" origin-is-local="false" origin-location="https://repo1.maven.org/maven2/javax/transaction/jta/1.1/jta-1.1.pom"/>
				<caller organisation="com.typesafe.play" name="play_2.11" conf="compile, runtime" rev="1.1" rev-constraint-default="1.1" rev-constraint-dynamic="1.1" callerrev="2.5.14"/>
				<artifacts>
					<artifact name="jta" type="jar" ext="jar" status="no" details="" size="15071" time="0" location="/Users/yuenpingleung/.ivy2/cache/javax.transaction/jta/jars/jta-1.1.jar">
						<origin-location is-local="false" location="https://repo1.maven.org/maven2/javax/transaction/jta/1.1/jta-1.1.jar"/>
					</artifact>
				</artifacts>
			</revision>
		</module>
		<module organisation="xerces" name="xercesImpl">
			<revision name="2.11.0" status="release" pubdate="20130220152006" resolver="sbt-chain" artresolver="sbt-chain" homepage="https://xerces.apache.org/xerces2-j/" downloaded="false" searched="false" default="false" conf="compile, runtime(*), master(compile), runtime, compile(*), master" position="33">
				<license name="The Apache Software License, Version 2.0" url="http://www.apache.org/licenses/LICENSE-2.0.txt"/>
				<metadata-artifact status="no" details="" size="4398" time="0" location="/Users/yuenpingleung/.ivy2/cache/xerces/xercesImpl/ivy-2.11.0.xml" searched="false" origin-is-local="false" origin-location="https://repo1.maven.org/maven2/xerces/xercesImpl/2.11.0/xercesImpl-2.11.0.pom"/>
				<caller organisation="com.typesafe.play" name="play_2.11" conf="compile, runtime" rev="2.11.0" rev-constraint-default="2.11.0" rev-constraint-dynamic="2.11.0" callerrev="2.5.14"/>
				<artifacts>
					<artifact name="xercesImpl" type="jar" ext="jar" status="no" details="" size="1367760" time="0" location="/Users/yuenpingleung/.ivy2/cache/xerces/xercesImpl/jars/xercesImpl-2.11.0.jar">
						<origin-location is-local="false" location="https://repo1.maven.org/maven2/xerces/xercesImpl/2.11.0/xercesImpl-2.11.0.jar"/>
					</artifact>
				</artifacts>
			</revision>
		</module>
		<module organisation="xml-apis" name="xml-apis">
			<revision name="1.4.01" status="release" pubdate="20110819201111" resolver="sbt-chain" artresolver="sbt-chain" homepage="http://xml.apache.org/commons/components/external/" downloaded="false" searched="false" default="false" conf="compile, runtime(*), master(compile), runtime, compile(*), master" position="34">
				<license name="The Apache Software License, Version 2.0" url="http://www.apache.org/licenses/LICENSE-2.0.txt"/>
				<license name="The SAX License" url="http://www.saxproject.org/copying.html"/>
				<license name="The W3C License" url="http://www.w3.org/TR/2004/REC-DOM-Level-3-Core-20040407/java-binding.zip"/>
				<metadata-artifact status="no" details="" size="3258" time="0" location="/Users/yuenpingleung/.ivy2/cache/xml-apis/xml-apis/ivy-1.4.01.xml" searched="false" origin-is-local="false" origin-location="https://repo1.maven.org/maven2/xml-apis/xml-apis/1.4.01/xml-apis-1.4.01.pom"/>
				<caller organisation="xerces" name="xercesImpl" conf="compile, runtime" rev="1.4.01" rev-constraint-default="1.4.01" rev-constraint-dynamic="1.4.01" callerrev="2.11.0"/>
				<artifacts>
					<artifact name="xml-apis" type="jar" ext="jar" status="no" details="" size="220536" time="0" location="/Users/yuenpingleung/.ivy2/cache/xml-apis/xml-apis/jars/xml-apis-1.4.01.jar">
						<origin-location is-local="false" location="https://repo1.maven.org/maven2/xml-apis/xml-apis/1.4.01/xml-apis-1.4.01.jar"/>
					</artifact>
				</artifacts>
			</revision>
		</module>
		<module organisation="commons-codec" name="commons-codec">
			<revision name="1.10" status="release" pubdate="20141106091535" resolver="sbt-chain" artresolver="sbt-chain" homepage="http://commons.apache.org/proper/commons-codec/" downloaded="false" searched="false" default="false" conf="compile, runtime(*), master(compile), runtime, compile(*), master" position="32">
				<license name="Apache License, Version 2.0" url="http://www.apache.org/licenses/LICENSE-2.0.txt"/>
				<metadata-artifact status="no" details="" size="10608" time="0" location="/Users/yuenpingleung/.ivy2/cache/commons-codec/commons-codec/ivy-1.10.xml" searched="false" origin-is-local="false" origin-location="https://repo1.maven.org/maven2/commons-codec/commons-codec/1.10/commons-codec-1.10.pom"/>
				<caller organisation="org.apache.httpcomponents" name="httpclient" conf="compile, runtime" rev="1.4" rev-constraint-default="1.4" rev-constraint-dynamic="1.4" callerrev="4.1.2"/>
				<caller organisation="com.typesafe.play" name="play_2.11" conf="compile, runtime" rev="1.10" rev-constraint-default="1.10" rev-constraint-dynamic="1.10" callerrev="2.5.14"/>
				<artifacts>
					<artifact name="commons-codec" type="jar" ext="jar" status="no" details="" size="284184" time="0" location="/Users/yuenpingleung/.ivy2/cache/commons-codec/commons-codec/jars/commons-codec-1.10.jar">
						<origin-location is-local="false" location="https://repo1.maven.org/maven2/commons-codec/commons-codec/1.10/commons-codec-1.10.jar"/>
					</artifact>
				</artifacts>
			</revision>
			<revision name="1.4" evicted="latest-revision" evicted-reason="" downloaded="false" searched="false" conf="compile, runtime(*), master(compile), runtime, compile(*), master" position="-1">
				<evicted-by rev="1.10"/>
				<caller organisation="org.apache.httpcomponents" name="httpclient" conf="compile, runtime" rev="1.4" rev-constraint-default="1.4" rev-constraint-dynamic="1.4" callerrev="4.1.2"/>
				<artifacts>
				</artifacts>
			</revision>
		</module>
		<module organisation="com.typesafe.akka" name="akka-slf4j_2.11">
			<revision name="2.4.17" status="release" pubdate="20170210103054" resolver="sbt-chain" artresolver="sbt-chain" homepage="http://akka.io/" extra-info.apiURL="http://doc.akka.io/api/akka/2.4.17" downloaded="false" searched="false" default="false" conf="compile, runtime(*), master(compile), runtime, compile(*), master" position="31">
				<license name="Apache License, Version 2.0" url="http://www.apache.org/licenses/LICENSE-2.0"/>
				<metadata-artifact status="no" details="" size="3347" time="0" location="/Users/yuenpingleung/.ivy2/cache/com.typesafe.akka/akka-slf4j_2.11/ivy-2.4.17.xml" searched="false" origin-is-local="false" origin-location="https://repo1.maven.org/maven2/com/typesafe/akka/akka-slf4j_2.11/2.4.17/akka-slf4j_2.11-2.4.17.pom"/>
				<caller organisation="com.typesafe.play" name="play_2.11" conf="compile, runtime" rev="2.4.17" rev-constraint-default="2.4.17" rev-constraint-dynamic="2.4.17" callerrev="2.5.14"/>
				<artifacts>
					<artifact name="akka-slf4j_2.11" type="jar" ext="jar" status="no" details="" size="19456" time="0" location="/Users/yuenpingleung/.ivy2/cache/com.typesafe.akka/akka-slf4j_2.11/jars/akka-slf4j_2.11-2.4.17.jar">
						<origin-location is-local="false" location="https://repo1.maven.org/maven2/com/typesafe/akka/akka-slf4j_2.11/2.4.17/akka-slf4j_2.11-2.4.17.jar"/>
					</artifact>
				</artifacts>
			</revision>
		</module>
		<module organisation="com.typesafe.play" name="play-streams_2.11">
			<revision name="2.5.14" status="release" pubdate="20170406182640" resolver="sbt-chain" artresolver="sbt-chain" homepage="https://playframework.com" downloaded="false" searched="false" default="false" conf="compile, runtime(*), master(compile), runtime, compile(*), master" position="24">
				<license name="Apache-2.0" url="http://www.apache.org/licenses/LICENSE-2.0.html"/>
				<metadata-artifact status="no" details="" size="4246" time="0" location="/Users/yuenpingleung/.ivy2/cache/com.typesafe.play/play-streams_2.11/ivy-2.5.14.xml" searched="false" origin-is-local="false" origin-location="https://repo1.maven.org/maven2/com/typesafe/play/play-streams_2.11/2.5.14/play-streams_2.11-2.5.14.pom"/>
				<caller organisation="com.typesafe.play" name="play_2.11" conf="compile, runtime" rev="2.5.14" rev-constraint-default="2.5.14" rev-constraint-dynamic="2.5.14" callerrev="2.5.14"/>
				<artifacts>
					<artifact name="play-streams_2.11" type="jar" ext="jar" status="no" details="" size="301470" time="0" location="/Users/yuenpingleung/.ivy2/cache/com.typesafe.play/play-streams_2.11/jars/play-streams_2.11-2.5.14.jar">
						<origin-location is-local="false" location="https://repo1.maven.org/maven2/com/typesafe/play/play-streams_2.11/2.5.14/play-streams_2.11-2.5.14.jar"/>
					</artifact>
				</artifacts>
			</revision>
		</module>
		<module organisation="com.typesafe.akka" name="akka-stream_2.11">
			<revision name="2.4.17" status="release" pubdate="20170210102918" resolver="sbt-chain" artresolver="sbt-chain" homepage="http://akka.io/" extra-info.apiURL="http://doc.akka.io/api/akka/2.4.17" downloaded="false" searched="false" default="false" conf="compile, runtime(*), master(compile), runtime, compile(*), master" position="26">
				<license name="Apache License, Version 2.0" url="http://www.apache.org/licenses/LICENSE-2.0"/>
				<metadata-artifact status="no" details="" size="3506" time="0" location="/Users/yuenpingleung/.ivy2/cache/com.typesafe.akka/akka-stream_2.11/ivy-2.4.17.xml" searched="false" origin-is-local="false" origin-location="https://repo1.maven.org/maven2/com/typesafe/akka/akka-stream_2.11/2.4.17/akka-stream_2.11-2.4.17.pom"/>
				<caller organisation="com.typesafe.play" name="play-streams_2.11" conf="compile, runtime" rev="2.4.17" rev-constraint-default="2.4.17" rev-constraint-dynamic="2.4.17" callerrev="2.5.14"/>
				<artifacts>
					<artifact name="akka-stream_2.11" type="jar" ext="jar" status="no" details="" size="4400142" time="0" location="/Users/yuenpingleung/.ivy2/cache/com.typesafe.akka/akka-stream_2.11/jars/akka-stream_2.11-2.4.17.jar">
						<origin-location is-local="false" location="https://repo1.maven.org/maven2/com/typesafe/akka/akka-stream_2.11/2.4.17/akka-stream_2.11-2.4.17.jar"/>
					</artifact>
				</artifacts>
			</revision>
		</module>
		<module organisation="com.typesafe" name="ssl-config-core_2.11">
			<revision name="0.2.1" status="release" pubdate="20160408083507" resolver="sbt-chain" artresolver="sbt-chain" homepage="https://github.com/typesafehub/ssl-config" downloaded="false" searched="false" default="false" conf="compile, runtime(*), master(compile), runtime, compile(*), master" position="29">
				<license name="Apache License, Version 2.0" url="http://www.apache.org/licenses/LICENSE-2.0"/>
				<metadata-artifact status="no" details="" size="3001" time="0" location="/Users/yuenpingleung/.ivy2/cache/com.typesafe/ssl-config-core_2.11/ivy-0.2.1.xml" searched="false" origin-is-local="false" origin-location="https://repo1.maven.org/maven2/com/typesafe/ssl-config-core_2.11/0.2.1/ssl-config-core_2.11-0.2.1.pom"/>
				<caller organisation="com.typesafe.akka" name="akka-stream_2.11" conf="compile, runtime" rev="0.2.1" rev-constraint-default="0.2.1" rev-constraint-dynamic="0.2.1" callerrev="2.4.17"/>
				<artifacts>
					<artifact name="ssl-config-core_2.11" type="bundle" ext="jar" status="no" details="" size="365288" time="0" location="/Users/yuenpingleung/.ivy2/cache/com.typesafe/ssl-config-core_2.11/bundles/ssl-config-core_2.11-0.2.1.jar">
						<origin-location is-local="false" location="https://repo1.maven.org/maven2/com/typesafe/ssl-config-core_2.11/0.2.1/ssl-config-core_2.11-0.2.1.jar"/>
					</artifact>
				</artifacts>
			</revision>
		</module>
		<module organisation="org.scala-lang.modules" name="scala-parser-combinators_2.11">
			<revision name="1.0.4" status="release" pubdate="20150430100747" resolver="sbt-chain" artresolver="sbt-chain" homepage="http://www.scala-lang.org/" downloaded="false" searched="false" default="false" conf="compile, runtime(*), master(compile), runtime, compile(*), master" position="30">
				<license name="BSD 3-clause" url="http://opensource.org/licenses/BSD-3-Clause"/>
				<metadata-artifact status="no" details="" size="2929" time="0" location="/Users/yuenpingleung/.ivy2/cache/org.scala-lang.modules/scala-parser-combinators_2.11/ivy-1.0.4.xml" searched="false" origin-is-local="false" origin-location="https://repo1.maven.org/maven2/org/scala-lang/modules/scala-parser-combinators_2.11/1.0.4/scala-parser-combinators_2.11-1.0.4.pom"/>
				<caller organisation="com.typesafe" name="ssl-config-core_2.11" conf="compile, runtime" rev="1.0.4" rev-constraint-default="1.0.4" rev-constraint-dynamic="1.0.4" callerrev="0.2.1"/>
				<caller organisation="com.twitter" name="util-core_2.11" conf="compile" rev="1.0.4" rev-constraint-default="1.0.4" rev-constraint-dynamic="1.0.4" callerrev="6.34.0"/>
				<caller organisation="com.typesafe.play" name="play_2.11" conf="compile, runtime" rev="1.0.4" rev-constraint-default="1.0.4" rev-constraint-dynamic="1.0.4" callerrev="2.5.14"/>
				<caller organisation="com.twitter" name="util-core_2.11" conf="compile, runtime" rev="1.0.4" rev-constraint-default="1.0.4" rev-constraint-dynamic="1.0.4" callerrev="6.41.0"/>
				<artifacts>
					<artifact name="scala-parser-combinators_2.11" type="bundle" ext="jar" status="no" details="" size="423753" time="0" location="/Users/yuenpingleung/.ivy2/cache/org.scala-lang.modules/scala-parser-combinators_2.11/bundles/scala-parser-combinators_2.11-1.0.4.jar">
						<origin-location is-local="false" location="https://repo1.maven.org/maven2/org/scala-lang/modules/scala-parser-combinators_2.11/1.0.4/scala-parser-combinators_2.11-1.0.4.jar"/>
					</artifact>
				</artifacts>
			</revision>
		</module>
		<module organisation="com.typesafe.akka" name="akka-actor_2.11">
			<revision name="2.4.17" status="release" pubdate="20170210102813" resolver="sbt-chain" artresolver="sbt-chain" homepage="http://akka.io/" extra-info.apiURL="http://doc.akka.io/api/akka/2.4.17" downloaded="false" searched="false" default="false" conf="compile, runtime(*), master(compile), runtime, compile(*), master" position="27">
				<license name="Apache License, Version 2.0" url="http://www.apache.org/licenses/LICENSE-2.0"/>
				<metadata-artifact status="no" details="" size="3102" time="0" location="/Users/yuenpingleung/.ivy2/cache/com.typesafe.akka/akka-actor_2.11/ivy-2.4.17.xml" searched="false" origin-is-local="false" origin-location="https://repo1.maven.org/maven2/com/typesafe/akka/akka-actor_2.11/2.4.17/akka-actor_2.11-2.4.17.pom"/>
				<caller organisation="com.typesafe.akka" name="akka-stream_2.11" conf="compile, runtime" rev="2.4.17" rev-constraint-default="2.4.17" rev-constraint-dynamic="2.4.17" callerrev="2.4.17"/>
				<caller organisation="com.typesafe.akka" name="akka-slf4j_2.11" conf="compile, runtime" rev="2.4.17" rev-constraint-default="2.4.17" rev-constraint-dynamic="2.4.17" callerrev="2.4.17"/>
				<caller organisation="com.typesafe.play" name="play_2.11" conf="compile, runtime" rev="2.4.17" rev-constraint-default="2.4.17" rev-constraint-dynamic="2.4.17" callerrev="2.5.14"/>
				<artifacts>
					<artifact name="akka-actor_2.11" type="jar" ext="jar" status="no" details="" size="3352332" time="0" location="/Users/yuenpingleung/.ivy2/cache/com.typesafe.akka/akka-actor_2.11/jars/akka-actor_2.11-2.4.17.jar">
						<origin-location is-local="false" location="https://repo1.maven.org/maven2/com/typesafe/akka/akka-actor_2.11/2.4.17/akka-actor_2.11-2.4.17.jar"/>
					</artifact>
				</artifacts>
			</revision>
		</module>
		<module organisation="org.scala-lang.modules" name="scala-java8-compat_2.11">
			<revision name="0.7.0" status="release" pubdate="20150831070233" resolver="sbt-chain" artresolver="sbt-chain" homepage="http://www.scala-lang.org/" downloaded="false" searched="false" default="false" conf="compile, runtime(*), master(compile), runtime, compile(*), master" position="28">
				<license name="BSD 3-clause" url="http://opensource.org/licenses/BSD-3-Clause"/>
				<metadata-artifact status="no" details="" size="3036" time="0" location="/Users/yuenpingleung/.ivy2/cache/org.scala-lang.modules/scala-java8-compat_2.11/ivy-0.7.0.xml" searched="false" origin-is-local="false" origin-location="https://repo1.maven.org/maven2/org/scala-lang/modules/scala-java8-compat_2.11/0.7.0/scala-java8-compat_2.11-0.7.0.pom"/>
				<caller organisation="com.typesafe.play" name="play-streams_2.11" conf="compile, runtime" rev="0.7.0" rev-constraint-default="0.7.0" rev-constraint-dynamic="0.7.0" callerrev="2.5.14"/>
				<caller organisation="com.typesafe.akka" name="akka-actor_2.11" conf="compile, runtime" rev="0.7.0" rev-constraint-default="0.7.0" rev-constraint-dynamic="0.7.0" callerrev="2.4.17"/>
				<caller organisation="com.typesafe.play" name="play_2.11" conf="compile, runtime" rev="0.7.0" rev-constraint-default="0.7.0" rev-constraint-dynamic="0.7.0" callerrev="2.5.14"/>
				<artifacts>
					<artifact name="scala-java8-compat_2.11" type="bundle" ext="jar" status="no" details="" size="582358" time="0" location="/Users/yuenpingleung/.ivy2/cache/org.scala-lang.modules/scala-java8-compat_2.11/bundles/scala-java8-compat_2.11-0.7.0.jar">
						<origin-location is-local="false" location="https://repo1.maven.org/maven2/org/scala-lang/modules/scala-java8-compat_2.11/0.7.0/scala-java8-compat_2.11-0.7.0.jar"/>
					</artifact>
				</artifacts>
			</revision>
		</module>
		<module organisation="org.reactivestreams" name="reactive-streams">
			<revision name="1.0.0" status="release" pubdate="20150429121454" resolver="sbt-chain" artresolver="sbt-chain" homepage="http://www.reactive-streams.org/" downloaded="false" searched="false" default="false" conf="compile, runtime(*), master(compile), runtime, compile(*), master" position="25">
				<license name="CC0" url="http://creativecommons.org/publicdomain/zero/1.0/"/>
				<metadata-artifact status="no" details="" size="2523" time="0" location="/Users/yuenpingleung/.ivy2/cache/org.reactivestreams/reactive-streams/ivy-1.0.0.xml" searched="false" origin-is-local="false" origin-location="https://repo1.maven.org/maven2/org/reactivestreams/reactive-streams/1.0.0/reactive-streams-1.0.0.pom"/>
				<caller organisation="com.typesafe.play" name="play-streams_2.11" conf="compile, runtime" rev="1.0.0" rev-constraint-default="1.0.0" rev-constraint-dynamic="1.0.0" callerrev="2.5.14"/>
				<caller organisation="com.typesafe.akka" name="akka-stream_2.11" conf="compile, runtime" rev="1.0.0" rev-constraint-default="1.0.0" rev-constraint-dynamic="1.0.0" callerrev="2.4.17"/>
				<caller organisation="com.typesafe.netty" name="netty-reactive-streams" conf="compile, runtime" rev="1.0.0" rev-constraint-default="1.0.0" rev-constraint-dynamic="1.0.0" callerrev="1.0.8"/>
				<artifacts>
					<artifact name="reactive-streams" type="jar" ext="jar" status="no" details="" size="2042" time="0" location="/Users/yuenpingleung/.ivy2/cache/org.reactivestreams/reactive-streams/jars/reactive-streams-1.0.0.jar">
						<origin-location is-local="false" location="https://repo1.maven.org/maven2/org/reactivestreams/reactive-streams/1.0.0/reactive-streams-1.0.0.jar"/>
					</artifact>
				</artifacts>
			</revision>
		</module>
		<module organisation="com.typesafe.play" name="play-netty-utils">
			<revision name="2.5.14" status="release" pubdate="20170406182501" resolver="sbt-chain" artresolver="sbt-chain" homepage="https://playframework.com" downloaded="false" searched="false" default="false" conf="compile, runtime(*), master(compile), runtime, compile(*), master" position="21">
				<license name="Apache-2.0" url="http://www.apache.org/licenses/LICENSE-2.0.html"/>
				<metadata-artifact status="no" details="" size="2937" time="0" location="/Users/yuenpingleung/.ivy2/cache/com.typesafe.play/play-netty-utils/ivy-2.5.14.xml" searched="false" origin-is-local="false" origin-location="https://repo1.maven.org/maven2/com/typesafe/play/play-netty-utils/2.5.14/play-netty-utils-2.5.14.pom"/>
				<caller organisation="com.typesafe.play" name="play_2.11" conf="compile, runtime" rev="2.5.14" rev-constraint-default="2.5.14" rev-constraint-dynamic="2.5.14" callerrev="2.5.14"/>
				<artifacts>
					<artifact name="play-netty-utils" type="jar" ext="jar" status="no" details="" size="19462" time="0" location="/Users/yuenpingleung/.ivy2/cache/com.typesafe.play/play-netty-utils/jars/play-netty-utils-2.5.14.jar">
						<origin-location is-local="false" location="https://repo1.maven.org/maven2/com/typesafe/play/play-netty-utils/2.5.14/play-netty-utils-2.5.14.jar"/>
					</artifact>
				</artifacts>
			</revision>
		</module>
		<module organisation="org.slf4j" name="jcl-over-slf4j">
			<revision name="1.7.21" status="release" pubdate="20160404143836" resolver="sbt-chain" artresolver="sbt-chain" homepage="http://www.slf4j.org" downloaded="false" searched="false" default="false" conf="compile, runtime(*), master(compile), runtime, compile(*), master" position="23">
				<license name="MIT License" url="http://www.opensource.org/licenses/mit-license.php"/>
				<metadata-artifact status="no" details="" size="5275" time="0" location="/Users/yuenpingleung/.ivy2/cache/org.slf4j/jcl-over-slf4j/ivy-1.7.21.xml" searched="false" origin-is-local="false" origin-location="https://repo1.maven.org/maven2/org/slf4j/jcl-over-slf4j/1.7.21/jcl-over-slf4j-1.7.21.pom"/>
				<caller organisation="com.typesafe.play" name="play-netty-utils" conf="compile, runtime" rev="1.7.21" rev-constraint-default="1.7.21" rev-constraint-dynamic="1.7.21" callerrev="2.5.14"/>
				<caller organisation="com.typesafe.play" name="play_2.11" conf="compile, runtime" rev="1.7.21" rev-constraint-default="1.7.21" rev-constraint-dynamic="1.7.21" callerrev="2.5.14"/>
				<artifacts>
					<artifact name="jcl-over-slf4j" type="jar" ext="jar" status="no" details="" size="16431" time="0" location="/Users/yuenpingleung/.ivy2/cache/org.slf4j/jcl-over-slf4j/jars/jcl-over-slf4j-1.7.21.jar">
						<origin-location is-local="false" location="https://repo1.maven.org/maven2/org/slf4j/jcl-over-slf4j/1.7.21/jcl-over-slf4j-1.7.21.jar"/>
					</artifact>
				</artifacts>
			</revision>
		</module>
		<module organisation="org.slf4j" name="jul-to-slf4j">
			<revision name="1.7.21" status="release" pubdate="20160404143912" resolver="sbt-chain" artresolver="sbt-chain" homepage="http://www.slf4j.org" downloaded="false" searched="false" default="false" conf="compile, runtime(*), master(compile), runtime, compile(*), master" position="22">
				<license name="MIT License" url="http://www.opensource.org/licenses/mit-license.php"/>
				<metadata-artifact status="no" details="" size="5260" time="0" location="/Users/yuenpingleung/.ivy2/cache/org.slf4j/jul-to-slf4j/ivy-1.7.21.xml" searched="false" origin-is-local="false" origin-location="https://repo1.maven.org/maven2/org/slf4j/jul-to-slf4j/1.7.21/jul-to-slf4j-1.7.21.pom"/>
				<caller organisation="com.typesafe.play" name="play-netty-utils" conf="compile, runtime" rev="1.7.21" rev-constraint-default="1.7.21" rev-constraint-dynamic="1.7.21" callerrev="2.5.14"/>
				<caller organisation="com.typesafe.play" name="play_2.11" conf="compile, runtime" rev="1.7.21" rev-constraint-default="1.7.21" rev-constraint-dynamic="1.7.21" callerrev="2.5.14"/>
				<artifacts>
					<artifact name="jul-to-slf4j" type="jar" ext="jar" status="no" details="" size="4597" time="0" location="/Users/yuenpingleung/.ivy2/cache/org.slf4j/jul-to-slf4j/jars/jul-to-slf4j-1.7.21.jar">
						<origin-location is-local="false" location="https://repo1.maven.org/maven2/org/slf4j/jul-to-slf4j/1.7.21/jul-to-slf4j-1.7.21.jar"/>
					</artifact>
				</artifacts>
			</revision>
		</module>
		<module organisation="org.slf4j" name="slf4j-api">
			<revision name="1.7.21" status="release" pubdate="20160404143640" resolver="sbt-chain" artresolver="sbt-chain" evicted="latest-revision" evicted-reason="" homepage="http://www.slf4j.org" downloaded="false" searched="false" default="false" conf="compile, runtime(*), master(compile), runtime, compile(*), master" position="-1">
				<license name="MIT License" url="http://www.opensource.org/licenses/mit-license.php"/>
				<metadata-artifact status="no" details="" size="5199" time="0" location="/Users/yuenpingleung/.ivy2/cache/org.slf4j/slf4j-api/ivy-1.7.21.xml" searched="false" origin-is-local="false" origin-location="https://repo1.maven.org/maven2/org/slf4j/slf4j-api/1.7.21/slf4j-api-1.7.21.pom"/>
				<evicted-by rev="1.7.25"/>
				<caller organisation="org.slf4j" name="jcl-over-slf4j" conf="compile, runtime" rev="1.7.21" rev-constraint-default="1.7.21" rev-constraint-dynamic="1.7.21" callerrev="1.7.21"/>
				<caller organisation="com.typesafe.play" name="play-netty-utils" conf="compile, runtime" rev="1.7.21" rev-constraint-default="1.7.21" rev-constraint-dynamic="1.7.21" callerrev="2.5.14"/>
				<caller organisation="com.typesafe.akka" name="akka-slf4j_2.11" conf="compile, runtime" rev="1.7.16" rev-constraint-default="1.7.16" rev-constraint-dynamic="1.7.16" callerrev="2.4.17"/>
				<caller organisation="com.typesafe.play" name="play_2.11" conf="compile, runtime" rev="1.7.21" rev-constraint-default="1.7.21" rev-constraint-dynamic="1.7.21" callerrev="2.5.14"/>
				<caller organisation="org.slf4j" name="jul-to-slf4j" conf="compile, runtime" rev="1.7.21" rev-constraint-default="1.7.21" rev-constraint-dynamic="1.7.21" callerrev="1.7.21"/>
				<caller organisation="org.slf4j" name="log4j-over-slf4j" conf="compile, runtime" rev="1.7.21" rev-constraint-default="1.7.21" rev-constraint-dynamic="1.7.21" callerrev="1.7.21"/>
				<artifacts>
				</artifacts>
			</revision>
			<revision name="1.7.25" status="release" pubdate="20170316123632" resolver="sbt-chain" artresolver="sbt-chain" homepage="http://www.slf4j.org" downloaded="false" searched="false" default="false" conf="compile, runtime(*), master(compile), runtime, compile(*), master" position="48">
				<license name="MIT License" url="http://www.opensource.org/licenses/mit-license.php"/>
				<metadata-artifact status="no" details="" size="5199" time="0" location="/Users/yuenpingleung/.ivy2/cache/org.slf4j/slf4j-api/ivy-1.7.25.xml" searched="false" origin-is-local="false" origin-location="https://repo1.maven.org/maven2/org/slf4j/slf4j-api/1.7.25/slf4j-api-1.7.25.pom"/>
				<caller organisation="io.dropwizard.metrics" name="metrics-core" conf="compile, runtime" rev="1.7.7" rev-constraint-default="1.7.7" rev-constraint-dynamic="1.7.7" callerrev="3.1.2"/>
				<caller organisation="org.slf4j" name="jcl-over-slf4j" conf="compile, runtime" rev="1.7.21" rev-constraint-default="1.7.21" rev-constraint-dynamic="1.7.21" callerrev="1.7.21"/>
				<caller organisation="org.apache.thrift" name="libthrift" conf="compile, runtime" rev="1.5.8" rev-constraint-default="1.5.8" rev-constraint-dynamic="1.5.8" callerrev="0.8.0"/>
				<caller organisation="com.typesafe.play" name="play-netty-utils" conf="compile, runtime" rev="1.7.21" rev-constraint-default="1.7.21" rev-constraint-dynamic="1.7.21" callerrev="2.5.14"/>
				<caller organisation="com.typesafe.akka" name="akka-slf4j_2.11" conf="compile, runtime" rev="1.7.16" rev-constraint-default="1.7.16" rev-constraint-dynamic="1.7.16" callerrev="2.4.17"/>
				<caller organisation="com.typesafe.play" name="play_2.11" conf="compile, runtime" rev="1.7.21" rev-constraint-default="1.7.21" rev-constraint-dynamic="1.7.21" callerrev="2.5.14"/>
				<caller organisation="org.slf4j" name="jul-to-slf4j" conf="compile, runtime" rev="1.7.21" rev-constraint-default="1.7.21" rev-constraint-dynamic="1.7.21" callerrev="1.7.21"/>
				<caller organisation="ch.qos.logback" name="logback-classic" conf="compile, runtime" rev="1.7.25" rev-constraint-default="1.7.25" rev-constraint-dynamic="1.7.25" callerrev="1.2.3"/>
				<caller organisation="org.slf4j" name="log4j-over-slf4j" conf="compile, runtime" rev="1.7.21" rev-constraint-default="1.7.21" rev-constraint-dynamic="1.7.21" callerrev="1.7.21"/>
				<artifacts>
					<artifact name="slf4j-api" type="jar" ext="jar" status="no" details="" size="41203" time="0" location="/Users/yuenpingleung/.ivy2/cache/org.slf4j/slf4j-api/jars/slf4j-api-1.7.25.jar">
						<origin-location is-local="false" location="https://repo1.maven.org/maven2/org/slf4j/slf4j-api/1.7.25/slf4j-api-1.7.25.jar"/>
					</artifact>
				</artifacts>
			</revision>
			<revision name="1.5.8" evicted="latest-revision" evicted-reason="" downloaded="false" searched="false" conf="compile, runtime(*), master(compile), runtime, compile(*), master" position="-1">
				<evicted-by rev="1.7.25"/>
				<caller organisation="org.apache.thrift" name="libthrift" conf="compile, runtime" rev="1.5.8" rev-constraint-default="1.5.8" rev-constraint-dynamic="1.5.8" callerrev="0.8.0"/>
				<artifacts>
				</artifacts>
			</revision>
			<revision name="1.7.7" evicted="latest-revision" evicted-reason="" downloaded="false" searched="false" conf="compile, runtime(*), master(compile), runtime, compile(*), master" position="-1">
				<evicted-by rev="1.7.25"/>
				<caller organisation="io.dropwizard.metrics" name="metrics-core" conf="compile, runtime" rev="1.7.7" rev-constraint-default="1.7.7" rev-constraint-dynamic="1.7.7" callerrev="3.1.2"/>
				<caller organisation="org.slf4j" name="jcl-over-slf4j" conf="compile, runtime" rev="1.7.21" rev-constraint-default="1.7.21" rev-constraint-dynamic="1.7.21" callerrev="1.7.21"/>
				<caller organisation="com.typesafe.play" name="play-netty-utils" conf="compile, runtime" rev="1.7.21" rev-constraint-default="1.7.21" rev-constraint-dynamic="1.7.21" callerrev="2.5.14"/>
				<caller organisation="com.typesafe.akka" name="akka-slf4j_2.11" conf="compile, runtime" rev="1.7.16" rev-constraint-default="1.7.16" rev-constraint-dynamic="1.7.16" callerrev="2.4.17"/>
				<caller organisation="com.typesafe.play" name="play_2.11" conf="compile, runtime" rev="1.7.21" rev-constraint-default="1.7.21" rev-constraint-dynamic="1.7.21" callerrev="2.5.14"/>
				<caller organisation="org.slf4j" name="jul-to-slf4j" conf="compile, runtime" rev="1.7.21" rev-constraint-default="1.7.21" rev-constraint-dynamic="1.7.21" callerrev="1.7.21"/>
				<caller organisation="org.slf4j" name="log4j-over-slf4j" conf="compile, runtime" rev="1.7.21" rev-constraint-default="1.7.21" rev-constraint-dynamic="1.7.21" callerrev="1.7.21"/>
				<artifacts>
				</artifacts>
			</revision>
			<revision name="1.7.16" evicted="latest-revision" evicted-reason="" downloaded="false" searched="false" conf="compile, runtime(*), master(compile), runtime, compile(*), master" position="-1">
				<evicted-by rev="1.7.21"/>
				<caller organisation="com.typesafe.akka" name="akka-slf4j_2.11" conf="compile, runtime" rev="1.7.16" rev-constraint-default="1.7.16" rev-constraint-dynamic="1.7.16" callerrev="2.4.17"/>
				<artifacts>
				</artifacts>
			</revision>
		</module>
		<module organisation="com.typesafe.play" name="play-json_2.11">
			<revision name="2.5.14" status="release" pubdate="20170406182650" resolver="sbt-chain" artresolver="sbt-chain" homepage="https://playframework.com" downloaded="false" searched="false" default="false" conf="compile, runtime(*), master(compile), runtime, compile(*), master" position="11">
				<license name="Apache-2.0" url="http://www.apache.org/licenses/LICENSE-2.0.html"/>
				<metadata-artifact status="no" details="" size="4861" time="0" location="/Users/yuenpingleung/.ivy2/cache/com.typesafe.play/play-json_2.11/ivy-2.5.14.xml" searched="false" origin-is-local="false" origin-location="https://repo1.maven.org/maven2/com/typesafe/play/play-json_2.11/2.5.14/play-json_2.11-2.5.14.pom"/>
				<caller organisation="com.typesafe.play" name="play_2.11" conf="compile, runtime" rev="2.5.14" rev-constraint-default="2.5.14" rev-constraint-dynamic="2.5.14" callerrev="2.5.14"/>
				<artifacts>
					<artifact name="play-json_2.11" type="jar" ext="jar" status="no" details="" size="648031" time="0" location="/Users/yuenpingleung/.ivy2/cache/com.typesafe.play/play-json_2.11/jars/play-json_2.11-2.5.14.jar">
						<origin-location is-local="false" location="https://repo1.maven.org/maven2/com/typesafe/play/play-json_2.11/2.5.14/play-json_2.11-2.5.14.jar"/>
					</artifact>
				</artifacts>
			</revision>
		</module>
		<module organisation="com.fasterxml.jackson.datatype" name="jackson-datatype-jsr310">
			<revision name="2.7.8" status="release" pubdate="20160926114750" resolver="sbt-chain" artresolver="sbt-chain" homepage="http://wiki.fasterxml.com/JacksonModuleJSR310" downloaded="false" searched="false" default="false" conf="compile, runtime(*), master(compile), runtime, compile(*), master" position="20">
				<license name="The Apache Software License, Version 2.0" url="http://www.apache.org/licenses/LICENSE-2.0.txt"/>
				<metadata-artifact status="no" details="" size="7676" time="0" location="/Users/yuenpingleung/.ivy2/cache/com.fasterxml.jackson.datatype/jackson-datatype-jsr310/ivy-2.7.8.xml" searched="false" origin-is-local="false" origin-location="https://repo1.maven.org/maven2/com/fasterxml/jackson/datatype/jackson-datatype-jsr310/2.7.8/jackson-datatype-jsr310-2.7.8.pom"/>
				<caller organisation="com.typesafe.play" name="play_2.11" conf="compile, runtime" rev="2.7.8" rev-constraint-default="2.7.8" rev-constraint-dynamic="2.7.8" callerrev="2.5.14"/>
				<caller organisation="com.typesafe.play" name="play-json_2.11" conf="compile, runtime" rev="2.7.8" rev-constraint-default="2.7.8" rev-constraint-dynamic="2.7.8" callerrev="2.5.14"/>
				<artifacts>
					<artifact name="jackson-datatype-jsr310" type="bundle" ext="jar" status="no" details="" size="88878" time="0" location="/Users/yuenpingleung/.ivy2/cache/com.fasterxml.jackson.datatype/jackson-datatype-jsr310/bundles/jackson-datatype-jsr310-2.7.8.jar">
						<origin-location is-local="false" location="https://repo1.maven.org/maven2/com/fasterxml/jackson/datatype/jackson-datatype-jsr310/2.7.8/jackson-datatype-jsr310-2.7.8.jar"/>
					</artifact>
				</artifacts>
			</revision>
		</module>
		<module organisation="com.fasterxml.jackson.datatype" name="jackson-datatype-jdk8">
			<revision name="2.7.8" status="release" pubdate="20160926115101" resolver="sbt-chain" artresolver="sbt-chain" homepage="" downloaded="false" searched="false" default="false" conf="compile, runtime(*), master(compile), runtime, compile(*), master" position="19">
				<license name="The Apache Software License, Version 2.0" url="http://www.apache.org/licenses/LICENSE-2.0.txt"/>
				<metadata-artifact status="no" details="" size="7447" time="0" location="/Users/yuenpingleung/.ivy2/cache/com.fasterxml.jackson.datatype/jackson-datatype-jdk8/ivy-2.7.8.xml" searched="false" origin-is-local="false" origin-location="https://repo1.maven.org/maven2/com/fasterxml/jackson/datatype/jackson-datatype-jdk8/2.7.8/jackson-datatype-jdk8-2.7.8.pom"/>
				<caller organisation="com.typesafe.play" name="play_2.11" conf="compile, runtime" rev="2.7.8" rev-constraint-default="2.7.8" rev-constraint-dynamic="2.7.8" callerrev="2.5.14"/>
				<caller organisation="com.typesafe.play" name="play-json_2.11" conf="compile, runtime" rev="2.7.8" rev-constraint-default="2.7.8" rev-constraint-dynamic="2.7.8" callerrev="2.5.14"/>
				<artifacts>
					<artifact name="jackson-datatype-jdk8" type="bundle" ext="jar" status="no" details="" size="26385" time="0" location="/Users/yuenpingleung/.ivy2/cache/com.fasterxml.jackson.datatype/jackson-datatype-jdk8/bundles/jackson-datatype-jdk8-2.7.8.jar">
						<origin-location is-local="false" location="https://repo1.maven.org/maven2/com/fasterxml/jackson/datatype/jackson-datatype-jdk8/2.7.8/jackson-datatype-jdk8-2.7.8.jar"/>
					</artifact>
				</artifacts>
			</revision>
		</module>
		<module organisation="com.fasterxml.jackson.core" name="jackson-databind">
			<revision name="2.7.8" status="release" pubdate="20160926105114" resolver="sbt-chain" artresolver="sbt-chain" homepage="http://github.com/FasterXML/jackson" downloaded="false" searched="false" default="false" conf="compile, runtime(*), master(compile), runtime, compile(*), master" position="18">
				<license name="The Apache Software License, Version 2.0" url="http://www.apache.org/licenses/LICENSE-2.0.txt"/>
				<metadata-artifact status="no" details="" size="7835" time="0" location="/Users/yuenpingleung/.ivy2/cache/com.fasterxml.jackson.core/jackson-databind/ivy-2.7.8.xml" searched="false" origin-is-local="false" origin-location="https://repo1.maven.org/maven2/com/fasterxml/jackson/core/jackson-databind/2.7.8/jackson-databind-2.7.8.pom"/>
				<caller organisation="com.fasterxml.jackson.datatype" name="jackson-datatype-jdk8" conf="compile, runtime" rev="2.7.8" rev-constraint-default="2.7.8" rev-constraint-dynamic="2.7.8" callerrev="2.7.8"/>
				<caller organisation="com.typesafe.play" name="play_2.11" conf="compile, runtime" rev="2.7.8" rev-constraint-default="2.7.8" rev-constraint-dynamic="2.7.8" callerrev="2.5.14"/>
				<caller organisation="com.typesafe.play" name="play-json_2.11" conf="compile, runtime" rev="2.7.8" rev-constraint-default="2.7.8" rev-constraint-dynamic="2.7.8" callerrev="2.5.14"/>
				<caller organisation="com.fasterxml.jackson.datatype" name="jackson-datatype-jsr310" conf="compile, runtime" rev="2.7.8" rev-constraint-default="2.7.8" rev-constraint-dynamic="2.7.8" callerrev="2.7.8"/>
				<artifacts>
					<artifact name="jackson-databind" type="bundle" ext="jar" status="no" details="" size="1206911" time="0" location="/Users/yuenpingleung/.ivy2/cache/com.fasterxml.jackson.core/jackson-databind/bundles/jackson-databind-2.7.8.jar">
						<origin-location is-local="false" location="https://repo1.maven.org/maven2/com/fasterxml/jackson/core/jackson-databind/2.7.8/jackson-databind-2.7.8.jar"/>
					</artifact>
				</artifacts>
			</revision>
		</module>
		<module organisation="com.fasterxml.jackson.core" name="jackson-annotations">
			<revision name="2.7.8" status="release" pubdate="20160926104727" resolver="sbt-chain" artresolver="sbt-chain" homepage="http://github.com/FasterXML/jackson" downloaded="false" searched="false" default="false" conf="compile, runtime(*), master(compile), runtime, compile(*), master" position="17">
				<license name="The Apache Software License, Version 2.0" url="http://www.apache.org/licenses/LICENSE-2.0.txt"/>
				<metadata-artifact status="no" details="" size="6763" time="0" location="/Users/yuenpingleung/.ivy2/cache/com.fasterxml.jackson.core/jackson-annotations/ivy-2.7.8.xml" searched="false" origin-is-local="false" origin-location="https://repo1.maven.org/maven2/com/fasterxml/jackson/core/jackson-annotations/2.7.8/jackson-annotations-2.7.8.pom"/>
				<caller organisation="com.fasterxml.jackson.core" name="jackson-databind" conf="compile, runtime" rev="2.7.0" rev-constraint-default="2.7.0" rev-constraint-dynamic="2.7.0" callerrev="2.7.8"/>
				<caller organisation="com.typesafe.play" name="play_2.11" conf="compile, runtime" rev="2.7.8" rev-constraint-default="2.7.8" rev-constraint-dynamic="2.7.8" callerrev="2.5.14"/>
				<caller organisation="com.typesafe.play" name="play-json_2.11" conf="compile, runtime" rev="2.7.8" rev-constraint-default="2.7.8" rev-constraint-dynamic="2.7.8" callerrev="2.5.14"/>
				<artifacts>
					<artifact name="jackson-annotations" type="bundle" ext="jar" status="no" details="" size="50895" time="0" location="/Users/yuenpingleung/.ivy2/cache/com.fasterxml.jackson.core/jackson-annotations/bundles/jackson-annotations-2.7.8.jar">
						<origin-location is-local="false" location="https://repo1.maven.org/maven2/com/fasterxml/jackson/core/jackson-annotations/2.7.8/jackson-annotations-2.7.8.jar"/>
					</artifact>
				</artifacts>
			</revision>
			<revision name="2.7.0" evicted="latest-revision" evicted-reason="" downloaded="false" searched="false" conf="compile, runtime(*), master(compile), runtime, compile(*), master" position="-1">
				<evicted-by rev="2.7.8"/>
				<caller organisation="com.fasterxml.jackson.core" name="jackson-databind" conf="compile, runtime" rev="2.7.0" rev-constraint-default="2.7.0" rev-constraint-dynamic="2.7.0" callerrev="2.7.8"/>
				<artifacts>
				</artifacts>
			</revision>
		</module>
		<module organisation="com.fasterxml.jackson.core" name="jackson-core">
			<revision name="2.7.8" status="release" pubdate="20160926104932" resolver="sbt-chain" artresolver="sbt-chain" homepage="https://github.com/FasterXML/jackson-core" downloaded="false" searched="false" default="false" conf="compile, runtime(*), master(compile), runtime, compile(*), master" position="16">
				<license name="The Apache Software License, Version 2.0" url="http://www.apache.org/licenses/LICENSE-2.0.txt"/>
				<metadata-artifact status="no" details="" size="7216" time="0" location="/Users/yuenpingleung/.ivy2/cache/com.fasterxml.jackson.core/jackson-core/ivy-2.7.8.xml" searched="false" origin-is-local="false" origin-location="https://repo1.maven.org/maven2/com/fasterxml/jackson/core/jackson-core/2.7.8/jackson-core-2.7.8.pom"/>
				<caller organisation="com.fasterxml.jackson.datatype" name="jackson-datatype-jdk8" conf="compile, runtime" rev="2.7.8" rev-constraint-default="2.7.8" rev-constraint-dynamic="2.7.8" callerrev="2.7.8"/>
				<caller organisation="com.fasterxml.jackson.core" name="jackson-databind" conf="compile, runtime" rev="2.7.8" rev-constraint-default="2.7.8" rev-constraint-dynamic="2.7.8" callerrev="2.7.8"/>
				<caller organisation="com.typesafe.play" name="play_2.11" conf="compile, runtime" rev="2.7.8" rev-constraint-default="2.7.8" rev-constraint-dynamic="2.7.8" callerrev="2.5.14"/>
				<caller organisation="com.typesafe.play" name="play-json_2.11" conf="compile, runtime" rev="2.7.8" rev-constraint-default="2.7.8" rev-constraint-dynamic="2.7.8" callerrev="2.5.14"/>
				<caller organisation="com.fasterxml.jackson.datatype" name="jackson-datatype-jsr310" conf="compile, runtime" rev="2.7.8" rev-constraint-default="2.7.8" rev-constraint-dynamic="2.7.8" callerrev="2.7.8"/>
				<artifacts>
					<artifact name="jackson-core" type="bundle" ext="jar" status="no" details="" size="253358" time="0" location="/Users/yuenpingleung/.ivy2/cache/com.fasterxml.jackson.core/jackson-core/bundles/jackson-core-2.7.8.jar">
						<origin-location is-local="false" location="https://repo1.maven.org/maven2/com/fasterxml/jackson/core/jackson-core/2.7.8/jackson-core-2.7.8.jar"/>
					</artifact>
				</artifacts>
			</revision>
		</module>
		<module organisation="org.joda" name="joda-convert">
			<revision name="1.8.1" status="release" pubdate="20151002065804" resolver="sbt-chain" artresolver="sbt-chain" homepage="http://www.joda.org/joda-convert/" downloaded="false" searched="false" default="false" conf="compile, runtime(*), master(compile), runtime, compile(*), master, default(compile)" position="14">
				<license name="Apache 2" url="http://www.apache.org/licenses/LICENSE-2.0.txt"/>
				<metadata-artifact status="no" details="" size="6434" time="0" location="/Users/yuenpingleung/.ivy2/cache/org.joda/joda-convert/ivy-1.8.1.xml" searched="false" origin-is-local="false" origin-location="https://repo1.maven.org/maven2/org/joda/joda-convert/1.8.1/joda-convert-1.8.1.pom"/>
				<caller organisation="test" name="cassandra-loadtest_2.11" conf="compile, runtime-internal, runtime, optional" rev="1.8" rev-constraint-default="1.8" rev-constraint-dynamic="1.8" callerrev="0.0.80"/>
				<caller organisation="com.outworkers" name="phantom-dsl_2.11" conf="default, compile, runtime, master" rev="1.8.1" rev-constraint-default="1.8.1" rev-constraint-dynamic="1.8.1" callerrev="2.6.4"/>
				<caller organisation="com.typesafe.play" name="play_2.11" conf="compile, runtime" rev="1.8.1" rev-constraint-default="1.8.1" rev-constraint-dynamic="1.8.1" callerrev="2.5.14"/>
				<caller organisation="com.typesafe.play" name="play-json_2.11" conf="compile, runtime" rev="1.8.1" rev-constraint-default="1.8.1" rev-constraint-dynamic="1.8.1" callerrev="2.5.14"/>
				<artifacts>
					<artifact name="joda-convert" type="jar" ext="jar" status="no" details="" size="111521" time="0" location="/Users/yuenpingleung/.ivy2/cache/org.joda/joda-convert/jars/joda-convert-1.8.1.jar">
						<origin-location is-local="false" location="https://repo1.maven.org/maven2/org/joda/joda-convert/1.8.1/joda-convert-1.8.1.jar"/>
					</artifact>
				</artifacts>
			</revision>
			<revision name="1.8" evicted="latest-revision" evicted-reason="" downloaded="false" searched="false" conf="default, compile, runtime, default(compile), master" position="-1">
				<evicted-by rev="1.8.1"/>
				<caller organisation="test" name="cassandra-loadtest_2.11" conf="compile, runtime-internal, runtime, optional" rev="1.8" rev-constraint-default="1.8" rev-constraint-dynamic="1.8" callerrev="0.0.80"/>
				<artifacts>
				</artifacts>
			</revision>
		</module>
		<module organisation="com.typesafe.play" name="play-datacommons_2.11">
			<revision name="2.5.14" status="release" pubdate="20170406182604" resolver="sbt-chain" artresolver="sbt-chain" homepage="https://playframework.com" downloaded="false" searched="false" default="false" conf="compile, runtime(*), master(compile), runtime, compile(*), master" position="13">
				<license name="Apache-2.0" url="http://www.apache.org/licenses/LICENSE-2.0.html"/>
				<metadata-artifact status="no" details="" size="2672" time="0" location="/Users/yuenpingleung/.ivy2/cache/com.typesafe.play/play-datacommons_2.11/ivy-2.5.14.xml" searched="false" origin-is-local="false" origin-location="https://repo1.maven.org/maven2/com/typesafe/play/play-datacommons_2.11/2.5.14/play-datacommons_2.11-2.5.14.pom"/>
				<caller organisation="com.typesafe.play" name="play-json_2.11" conf="compile, runtime" rev="2.5.14" rev-constraint-default="2.5.14" rev-constraint-dynamic="2.5.14" callerrev="2.5.14"/>
				<artifacts>
					<artifact name="play-datacommons_2.11" type="jar" ext="jar" status="no" details="" size="5713" time="0" location="/Users/yuenpingleung/.ivy2/cache/com.typesafe.play/play-datacommons_2.11/jars/play-datacommons_2.11-2.5.14.jar">
						<origin-location is-local="false" location="https://repo1.maven.org/maven2/com/typesafe/play/play-datacommons_2.11/2.5.14/play-datacommons_2.11-2.5.14.jar"/>
					</artifact>
				</artifacts>
			</revision>
		</module>
		<module organisation="com.typesafe.play" name="play-functional_2.11">
			<revision name="2.5.14" status="release" pubdate="20170406182647" resolver="sbt-chain" artresolver="sbt-chain" homepage="https://playframework.com" downloaded="false" searched="false" default="false" conf="compile, runtime(*), master(compile), runtime, compile(*), master" position="12">
				<license name="Apache-2.0" url="http://www.apache.org/licenses/LICENSE-2.0.html"/>
				<metadata-artifact status="no" details="" size="2669" time="0" location="/Users/yuenpingleung/.ivy2/cache/com.typesafe.play/play-functional_2.11/ivy-2.5.14.xml" searched="false" origin-is-local="false" origin-location="https://repo1.maven.org/maven2/com/typesafe/play/play-functional_2.11/2.5.14/play-functional_2.11-2.5.14.pom"/>
				<caller organisation="com.typesafe.play" name="play-json_2.11" conf="compile, runtime" rev="2.5.14" rev-constraint-default="2.5.14" rev-constraint-dynamic="2.5.14" callerrev="2.5.14"/>
				<artifacts>
					<artifact name="play-functional_2.11" type="jar" ext="jar" status="no" details="" size="411038" time="0" location="/Users/yuenpingleung/.ivy2/cache/com.typesafe.play/play-functional_2.11/jars/play-functional_2.11-2.5.14.jar">
						<origin-location is-local="false" location="https://repo1.maven.org/maven2/com/typesafe/play/play-functional_2.11/2.5.14/play-functional_2.11-2.5.14.jar"/>
					</artifact>
				</artifacts>
			</revision>
		</module>
		<module organisation="com.typesafe.play" name="play-iteratees_2.11">
			<revision name="2.5.14" status="release" pubdate="20170406182644" resolver="sbt-chain" artresolver="sbt-chain" homepage="https://playframework.com" downloaded="false" searched="false" default="false" conf="compile, runtime(*), master(compile), runtime, compile(*), master" position="8">
				<license name="Apache-2.0" url="http://www.apache.org/licenses/LICENSE-2.0.html"/>
				<metadata-artifact status="no" details="" size="3439" time="0" location="/Users/yuenpingleung/.ivy2/cache/com.typesafe.play/play-iteratees_2.11/ivy-2.5.14.xml" searched="false" origin-is-local="false" origin-location="https://repo1.maven.org/maven2/com/typesafe/play/play-iteratees_2.11/2.5.14/play-iteratees_2.11-2.5.14.pom"/>
				<caller organisation="com.typesafe.play" name="play-server_2.11" conf="default, compile, runtime, master" rev="2.5.14" rev-constraint-default="2.5.14" rev-constraint-dynamic="2.5.14" callerrev="2.5.14"/>
				<caller organisation="com.typesafe.play" name="play-streams_2.11" conf="compile, runtime" rev="2.5.14" rev-constraint-default="2.5.14" rev-constraint-dynamic="2.5.14" callerrev="2.5.14"/>
				<caller organisation="com.typesafe.play" name="play_2.11" conf="compile, runtime" rev="2.5.14" rev-constraint-default="2.5.14" rev-constraint-dynamic="2.5.14" callerrev="2.5.14"/>
				<caller organisation="com.typesafe.play" name="play-json_2.11" conf="compile, runtime" rev="2.5.14" rev-constraint-default="2.5.14" rev-constraint-dynamic="2.5.14" callerrev="2.5.14"/>
				<artifacts>
					<artifact name="play-iteratees_2.11" type="jar" ext="jar" status="no" details="" size="783801" time="0" location="/Users/yuenpingleung/.ivy2/cache/com.typesafe.play/play-iteratees_2.11/jars/play-iteratees_2.11-2.5.14.jar">
						<origin-location is-local="false" location="https://repo1.maven.org/maven2/com/typesafe/play/play-iteratees_2.11/2.5.14/play-iteratees_2.11-2.5.14.jar"/>
					</artifact>
				</artifacts>
			</revision>
		</module>
		<module organisation="ch.qos.logback" name="logback-classic">
			<revision name="1.2.3" status="release" pubdate="20170331152753" resolver="sbt-chain" artresolver="sbt-chain" homepage="" downloaded="false" searched="false" default="false" conf="compile, runtime(*), master(compile), runtime, compile(*), master" position="46">
				<license name="Eclipse Public License - v 1.0" url="http://www.eclipse.org/legal/epl-v10.html"/>
				<license name="GNU Lesser General Public License" url="http://www.gnu.org/licenses/old-licenses/lgpl-2.1.html"/>
				<metadata-artifact status="no" details="" size="10412" time="0" location="/Users/yuenpingleung/.ivy2/cache/ch.qos.logback/logback-classic/ivy-1.2.3.xml" searched="false" origin-is-local="false" origin-location="https://repo1.maven.org/maven2/ch/qos/logback/logback-classic/1.2.3/logback-classic-1.2.3.pom"/>
				<caller organisation="com.typesafe.play" name="play-logback_2.11" conf="default, compile, runtime, master" rev="1.2.3" rev-constraint-default="1.2.3" rev-constraint-dynamic="1.2.3" callerrev="2.5.14"/>
				<artifacts>
					<artifact name="logback-classic" type="jar" ext="jar" status="no" details="" size="290339" time="0" location="/Users/yuenpingleung/.ivy2/cache/ch.qos.logback/logback-classic/jars/logback-classic-1.2.3.jar">
						<origin-location is-local="false" location="https://repo1.maven.org/maven2/ch/qos/logback/logback-classic/1.2.3/logback-classic-1.2.3.jar"/>
					</artifact>
				</artifacts>
			</revision>
		</module>
		<module organisation="ch.qos.logback" name="logback-core">
			<revision name="1.2.3" status="release" pubdate="20170331152715" resolver="sbt-chain" artresolver="sbt-chain" homepage="" downloaded="false" searched="false" default="false" conf="compile, runtime(*), master(compile), runtime, compile(*), master" position="47">
				<license name="Eclipse Public License - v 1.0" url="http://www.eclipse.org/legal/epl-v10.html"/>
				<license name="GNU Lesser General Public License" url="http://www.gnu.org/licenses/old-licenses/lgpl-2.1.html"/>
				<metadata-artifact status="no" details="" size="7917" time="0" location="/Users/yuenpingleung/.ivy2/cache/ch.qos.logback/logback-core/ivy-1.2.3.xml" searched="false" origin-is-local="false" origin-location="https://repo1.maven.org/maven2/ch/qos/logback/logback-core/1.2.3/logback-core-1.2.3.pom"/>
				<caller organisation="ch.qos.logback" name="logback-classic" conf="compile, runtime" rev="1.2.3" rev-constraint-default="1.2.3" rev-constraint-dynamic="1.2.3" callerrev="1.2.3"/>
				<artifacts>
					<artifact name="logback-core" type="jar" ext="jar" status="no" details="" size="471901" time="0" location="/Users/yuenpingleung/.ivy2/cache/ch.qos.logback/logback-core/jars/logback-core-1.2.3.jar">
						<origin-location is-local="false" location="https://repo1.maven.org/maven2/ch/qos/logback/logback-core/1.2.3/logback-core-1.2.3.jar"/>
					</artifact>
				</artifacts>
			</revision>
		</module>
		<module organisation="com.typesafe" name="config">
			<revision name="1.3.1" status="release" pubdate="20160924085320" resolver="sbt-chain" artresolver="sbt-chain" homepage="https://github.com/typesafehub/config" downloaded="false" searched="false" default="false" conf="default, compile, runtime(*), master(compile), runtime, default(compile), compile(*), master" position="10">
				<license name="Apache License, Version 2.0" url="http://www.apache.org/licenses/LICENSE-2.0"/>
				<metadata-artifact status="no" details="" size="2875" time="0" location="/Users/yuenpingleung/.ivy2/cache/com.typesafe/config/ivy-1.3.1.xml" searched="false" origin-is-local="false" origin-location="https://repo1.maven.org/maven2/com/typesafe/config/1.3.1/config-1.3.1.pom"/>
				<caller organisation="com.typesafe.play" name="play-iteratees_2.11" conf="compile, runtime" rev="1.3.1" rev-constraint-default="1.3.1" rev-constraint-dynamic="1.3.1" callerrev="2.5.14"/>
				<caller organisation="com.typesafe" name="ssl-config-core_2.11" conf="compile, runtime" rev="1.2.0" rev-constraint-default="1.2.0" rev-constraint-dynamic="1.2.0" callerrev="0.2.1"/>
				<caller organisation="com.typesafe.akka" name="akka-actor_2.11" conf="compile, runtime" rev="1.3.0" rev-constraint-default="1.3.0" rev-constraint-dynamic="1.3.0" callerrev="2.4.17"/>
				<caller organisation="test" name="cassandra-loadtest_2.11" conf="compile, runtime-internal, runtime, optional" rev="1.3.1" rev-constraint-default="1.3.1" rev-constraint-dynamic="1.3.1" callerrev="0.0.80"/>
				<artifacts>
					<artifact name="config" type="bundle" ext="jar" status="no" details="" size="282549" time="0" location="/Users/yuenpingleung/.ivy2/cache/com.typesafe/config/bundles/config-1.3.1.jar">
						<origin-location is-local="false" location="https://repo1.maven.org/maven2/com/typesafe/config/1.3.1/config-1.3.1.jar"/>
					</artifact>
				</artifacts>
			</revision>
			<revision name="1.2.0" evicted="latest-revision" evicted-reason="" downloaded="false" searched="false" conf="compile, runtime(*), master(compile), runtime, compile(*), master" position="-1">
				<evicted-by rev="1.3.1"/>
				<caller organisation="com.typesafe" name="ssl-config-core_2.11" conf="compile, runtime" rev="1.2.0" rev-constraint-default="1.2.0" rev-constraint-dynamic="1.2.0" callerrev="0.2.1"/>
				<caller organisation="com.typesafe.akka" name="akka-actor_2.11" conf="compile, runtime" rev="1.3.0" rev-constraint-default="1.3.0" rev-constraint-dynamic="1.3.0" callerrev="2.4.17"/>
				<artifacts>
				</artifacts>
			</revision>
			<revision name="1.3.0" evicted="latest-revision" evicted-reason="" downloaded="false" searched="false" conf="compile, runtime(*), master(compile), runtime, compile(*), master" position="-1">
				<evicted-by rev="1.3.1"/>
				<caller organisation="com.typesafe.akka" name="akka-actor_2.11" conf="compile, runtime" rev="1.3.0" rev-constraint-default="1.3.0" rev-constraint-dynamic="1.3.0" callerrev="2.4.17"/>
				<artifacts>
				</artifacts>
			</revision>
		</module>
		<module organisation="org.scala-stm" name="scala-stm_2.11">
			<revision name="0.7" status="release" pubdate="20140418004442" resolver="sbt-chain" artresolver="sbt-chain" homepage="http://nbronson.github.com/scala-stm/" downloaded="false" searched="false" default="false" conf="compile, runtime(*), master(compile), runtime, compile(*), master" position="9">
				<license name="BSD" url="https://github.com/nbronson/scala-stm/blob/master/LICENSE.txt"/>
				<metadata-artifact status="no" details="" size="2663" time="0" location="/Users/yuenpingleung/.ivy2/cache/org.scala-stm/scala-stm_2.11/ivy-0.7.xml" searched="false" origin-is-local="false" origin-location="https://repo1.maven.org/maven2/org/scala-stm/scala-stm_2.11/0.7/scala-stm_2.11-0.7.pom"/>
				<caller organisation="com.typesafe.play" name="play-iteratees_2.11" conf="compile, runtime" rev="0.7" rev-constraint-default="0.7" rev-constraint-dynamic="0.7" callerrev="2.5.14"/>
				<caller organisation="com.typesafe.play" name="play_2.11" conf="compile, runtime" rev="0.7" rev-constraint-default="0.7" rev-constraint-dynamic="0.7" callerrev="2.5.14"/>
				<artifacts>
					<artifact name="scala-stm_2.11" type="jar" ext="jar" status="no" details="" size="630306" time="0" location="/Users/yuenpingleung/.ivy2/cache/org.scala-stm/scala-stm_2.11/jars/scala-stm_2.11-0.7.jar">
						<origin-location is-local="false" location="https://repo1.maven.org/maven2/org/scala-stm/scala-stm_2.11/0.7/scala-stm_2.11-0.7.jar"/>
					</artifact>
				</artifacts>
			</revision>
		</module>
		<module organisation="com.typesafe.play" name="build-link">
			<revision name="2.5.14" status="release" pubdate="20170406182457" resolver="sbt-chain" artresolver="sbt-chain" homepage="https://playframework.com" downloaded="false" searched="false" default="false" conf="compile, runtime(*), master(compile), runtime, compile(*), master" position="6">
				<license name="Apache-2.0" url="http://www.apache.org/licenses/LICENSE-2.0.html"/>
				<metadata-artifact status="no" details="" size="2649" time="0" location="/Users/yuenpingleung/.ivy2/cache/com.typesafe.play/build-link/ivy-2.5.14.xml" searched="false" origin-is-local="false" origin-location="https://repo1.maven.org/maven2/com/typesafe/play/build-link/2.5.14/build-link-2.5.14.pom"/>
				<caller organisation="com.typesafe.play" name="play_2.11" conf="compile, runtime" rev="2.5.14" rev-constraint-default="2.5.14" rev-constraint-dynamic="2.5.14" callerrev="2.5.14"/>
				<artifacts>
					<artifact name="build-link" type="jar" ext="jar" status="no" details="" size="3361" time="0" location="/Users/yuenpingleung/.ivy2/cache/com.typesafe.play/build-link/jars/build-link-2.5.14.jar">
						<origin-location is-local="false" location="https://repo1.maven.org/maven2/com/typesafe/play/build-link/2.5.14/build-link-2.5.14.jar"/>
					</artifact>
				</artifacts>
			</revision>
		</module>
		<module organisation="com.typesafe.play" name="play-exceptions">
			<revision name="2.5.14" status="release" pubdate="20170406182503" resolver="sbt-chain" artresolver="sbt-chain" homepage="https://playframework.com" downloaded="false" searched="false" default="false" conf="compile, runtime(*), master(compile), runtime, compile(*), master" position="7">
				<license name="Apache-2.0" url="http://www.apache.org/licenses/LICENSE-2.0.html"/>
				<metadata-artifact status="no" details="" size="2479" time="0" location="/Users/yuenpingleung/.ivy2/cache/com.typesafe.play/play-exceptions/ivy-2.5.14.xml" searched="false" origin-is-local="false" origin-location="https://repo1.maven.org/maven2/com/typesafe/play/play-exceptions/2.5.14/play-exceptions-2.5.14.pom"/>
				<caller organisation="com.typesafe.play" name="build-link" conf="compile, runtime" rev="2.5.14" rev-constraint-default="2.5.14" rev-constraint-dynamic="2.5.14" callerrev="2.5.14"/>
				<artifacts>
					<artifact name="play-exceptions" type="jar" ext="jar" status="no" details="" size="4606" time="0" location="/Users/yuenpingleung/.ivy2/cache/com.typesafe.play/play-exceptions/jars/play-exceptions-2.5.14.jar">
						<origin-location is-local="false" location="https://repo1.maven.org/maven2/com/typesafe/play/play-exceptions/2.5.14/play-exceptions-2.5.14.jar"/>
					</artifact>
				</artifacts>
			</revision>
		</module>
		<module organisation="com.typesafe.play" name="twirl-api_2.11">
			<revision name="1.1.1" status="release" pubdate="20150514010045" resolver="sbt-chain" artresolver="sbt-chain" homepage="https://github.com/playframework/twirl" downloaded="false" searched="false" default="false" conf="default, compile, runtime(*), master(compile), runtime, default(compile), compile(*), master" position="1">
				<license name="Apache-2.0" url="http://www.apache.org/licenses/LICENSE-2.0.html"/>
				<metadata-artifact status="no" details="" size="3456" time="0" location="/Users/yuenpingleung/.ivy2/cache/com.typesafe.play/twirl-api_2.11/ivy-1.1.1.xml" searched="false" origin-is-local="false" origin-location="https://repo1.maven.org/maven2/com/typesafe/play/twirl-api_2.11/1.1.1/twirl-api_2.11-1.1.1.pom"/>
				<caller organisation="test" name="cassandra-loadtest_2.11" conf="compile, runtime-internal, runtime, optional" rev="1.1.1" rev-constraint-default="1.1.1" rev-constraint-dynamic="1.1.1" callerrev="0.0.80"/>
				<caller organisation="com.typesafe.play" name="play_2.11" conf="compile, runtime" rev="1.1.1" rev-constraint-default="1.1.1" rev-constraint-dynamic="1.1.1" callerrev="2.5.14"/>
				<artifacts>
					<artifact name="twirl-api_2.11" type="jar" ext="jar" status="no" details="" size="60413" time="0" location="/Users/yuenpingleung/.ivy2/cache/com.typesafe.play/twirl-api_2.11/jars/twirl-api_2.11-1.1.1.jar">
						<origin-location is-local="false" location="https://repo1.maven.org/maven2/com/typesafe/play/twirl-api_2.11/1.1.1/twirl-api_2.11-1.1.1.jar"/>
					</artifact>
				</artifacts>
			</revision>
		</module>
		<module organisation="org.scala-lang.modules" name="scala-xml_2.11">
			<revision name="1.0.1" status="release" pubdate="20140416052108" resolver="sbt-chain" artresolver="sbt-chain" homepage="http://www.scala-lang.org/" downloaded="false" searched="false" default="false" conf="compile, runtime(*), master(compile), runtime, compile(*), master" position="3">
				<license name="BSD 3-clause" url="http://opensource.org/licenses/BSD-3-Clause"/>
				<metadata-artifact status="no" details="" size="3137" time="0" location="/Users/yuenpingleung/.ivy2/cache/org.scala-lang.modules/scala-xml_2.11/ivy-1.0.1.xml" searched="false" origin-is-local="false" origin-location="https://repo1.maven.org/maven2/org/scala-lang/modules/scala-xml_2.11/1.0.1/scala-xml_2.11-1.0.1.pom"/>
				<caller organisation="com.typesafe.play" name="twirl-api_2.11" conf="default, compile, runtime, master" rev="1.0.1" rev-constraint-default="1.0.1" rev-constraint-dynamic="1.0.1" callerrev="1.1.1"/>
				<artifacts>
					<artifact name="scala-xml_2.11" type="bundle" ext="jar" status="no" details="" size="655685" time="0" location="/Users/yuenpingleung/.ivy2/cache/org.scala-lang.modules/scala-xml_2.11/bundles/scala-xml_2.11-1.0.1.jar">
						<origin-location is-local="false" location="https://repo1.maven.org/maven2/org/scala-lang/modules/scala-xml_2.11/1.0.1/scala-xml_2.11-1.0.1.jar"/>
					</artifact>
				</artifacts>
			</revision>
		</module>
		<module organisation="org.apache.commons" name="commons-lang3">
			<revision name="3.4" status="release" pubdate="20150403083112" resolver="sbt-chain" artresolver="sbt-chain" homepage="http://commons.apache.org/proper/commons-lang/" downloaded="false" searched="false" default="false" conf="compile, runtime(*), master(compile), runtime, compile(*), master" position="2">
				<license name="Apache License, Version 2.0" url="http://www.apache.org/licenses/LICENSE-2.0.txt"/>
				<metadata-artifact status="no" details="" size="11673" time="0" location="/Users/yuenpingleung/.ivy2/cache/org.apache.commons/commons-lang3/ivy-3.4.xml" searched="false" origin-is-local="false" origin-location="https://repo1.maven.org/maven2/org/apache/commons/commons-lang3/3.4/commons-lang3-3.4.pom"/>
				<caller organisation="com.typesafe.play" name="twirl-api_2.11" conf="default, compile, runtime, master" rev="3.4" rev-constraint-default="3.4" rev-constraint-dynamic="3.4" callerrev="1.1.1"/>
				<caller organisation="com.typesafe.play" name="play_2.11" conf="compile, runtime" rev="3.4" rev-constraint-default="3.4" rev-constraint-dynamic="3.4" callerrev="2.5.14"/>
				<artifacts>
					<artifact name="commons-lang3" type="jar" ext="jar" status="no" details="" size="434678" time="0" location="/Users/yuenpingleung/.ivy2/cache/org.apache.commons/commons-lang3/jars/commons-lang3-3.4.jar">
						<origin-location is-local="false" location="https://repo1.maven.org/maven2/org/apache/commons/commons-lang3/3.4/commons-lang3-3.4.jar"/>
					</artifact>
				</artifacts>
			</revision>
		</module>
		<module organisation="org.scala-lang" name="scala-library">
			<revision name="2.11.8" status="release" pubdate="20160304102633" resolver="sbt-chain" artresolver="sbt-chain" homepage="http://www.scala-lang.org/" extra-info.apiURL="http://www.scala-lang.org/api/2.11.8/" downloaded="false" searched="false" default="false" conf="default, compile, runtime(*), master(compile), runtime, default(compile), compile(*), master" position="0">
				<license name="BSD 3-Clause" url="http://www.scala-lang.org/license.html"/>
				<metadata-artifact status="no" details="" size="2653" time="0" location="/Users/yuenpingleung/.ivy2/cache/org.scala-lang/scala-library/ivy-2.11.8.xml" searched="false" origin-is-local="false" origin-location="https://repo1.maven.org/maven2/org/scala-lang/scala-library/2.11.8/scala-library-2.11.8.pom"/>
				<caller organisation="com.twitter" name="util-app_2.11" conf="compile, runtime" rev="2.11.8" rev-constraint-default="2.11.8" rev-constraint-dynamic="2.11.8" callerrev="6.41.0"/>
				<caller organisation="com.typesafe.play" name="play-datacommons_2.11" conf="compile, runtime" rev="2.11.8" rev-constraint-default="2.11.8" rev-constraint-dynamic="2.11.8" callerrev="2.5.14"/>
				<caller organisation="com.typesafe.play" name="twirl-api_2.11" conf="default, compile, runtime, master" rev="2.11.8" rev-constraint-default="2.11.8" rev-constraint-dynamic="2.11.8" callerrev="1.1.1"/>
				<caller organisation="com.twitter" name="util-core_2.11" conf="compile, runtime" rev="2.11.8" rev-constraint-default="2.11.8" rev-constraint-dynamic="2.11.8" callerrev="6.41.0"/>
				<caller organisation="com.typesafe.play" name="play-json_2.11" conf="compile, runtime" rev="2.11.8" rev-constraint-default="2.11.8" rev-constraint-dynamic="2.11.8" callerrev="2.5.14"/>
				<caller organisation="org.scala-stm" name="scala-stm_2.11" conf="compile, runtime" rev="2.11.8" rev-constraint-default="2.11.8" rev-constraint-dynamic="2.11.8" callerrev="0.7"/>
				<caller organisation="com.typesafe.play" name="play-server_2.11" conf="default, compile, runtime, master" rev="2.11.8" rev-constraint-default="2.11.8" rev-constraint-dynamic="2.11.8" callerrev="2.5.14"/>
				<caller organisation="com.typesafe.play" name="play-netty-server_2.11" conf="default, compile, runtime, master" rev="2.11.8" rev-constraint-default="2.11.8" rev-constraint-dynamic="2.11.8" callerrev="2.5.14"/>
				<caller organisation="com.outworkers" name="phantom-connectors_2.11" conf="default, compile, runtime, master" rev="2.11.8" rev-constraint-default="2.11.8" rev-constraint-dynamic="2.11.8" callerrev="2.6.4"/>
				<caller organisation="com.twitter" name="scrooge-core_2.11" conf="compile, runtime" rev="2.11.8" rev-constraint-default="2.11.8" rev-constraint-dynamic="2.11.8" callerrev="4.14.0"/>
				<caller organisation="com.typesafe" name="ssl-config-core_2.11" conf="compile, runtime" rev="2.11.8" rev-constraint-default="2.11.8" rev-constraint-dynamic="2.11.8" callerrev="0.2.1"/>
				<caller organisation="com.typesafe.akka" name="akka-stream_2.11" conf="compile, runtime" rev="2.11.8" rev-constraint-default="2.11.8" rev-constraint-dynamic="2.11.8" callerrev="2.4.17"/>
				<caller organisation="com.twitter" name="util-codec_2.11" conf="compile, runtime" rev="2.11.8" rev-constraint-default="2.11.8" rev-constraint-dynamic="2.11.8" callerrev="6.41.0"/>
				<caller organisation="com.typesafe.akka" name="akka-actor_2.11" conf="compile, runtime" rev="2.11.8" rev-constraint-default="2.11.8" rev-constraint-dynamic="2.11.8" callerrev="2.4.17"/>
				<caller organisation="test" name="cassandra-loadtest_2.11" conf="compile, runtime-internal, runtime, optional" rev="2.11.8" rev-constraint-default="2.11.8" rev-constraint-dynamic="2.11.8" callerrev="0.0.80"/>
				<caller organisation="com.typesafe.akka" name="akka-slf4j_2.11" conf="compile, runtime" rev="2.11.8" rev-constraint-default="2.11.8" rev-constraint-dynamic="2.11.8" callerrev="2.4.17"/>
				<caller organisation="com.twitter" name="util-function_2.11" conf="compile" rev="2.11.8" rev-constraint-default="2.11.8" rev-constraint-dynamic="2.11.8" callerrev="6.34.0"/>
				<caller organisation="com.twitter" name="util-function_2.11" conf="compile, runtime" rev="2.11.8" rev-constraint-default="2.11.8" rev-constraint-dynamic="2.11.8" callerrev="6.41.0"/>
				<caller organisation="com.twitter" name="util-registry_2.11" conf="compile, runtime" rev="2.11.8" rev-constraint-default="2.11.8" rev-constraint-dynamic="2.11.8" callerrev="6.41.0"/>
				<caller organisation="com.typesafe.play" name="play-streams_2.11" conf="compile, runtime" rev="2.11.8" rev-constraint-default="2.11.8" rev-constraint-dynamic="2.11.8" callerrev="2.5.14"/>
				<caller organisation="com.typesafe.play" name="play-functional_2.11" conf="compile, runtime" rev="2.11.8" rev-constraint-default="2.11.8" rev-constraint-dynamic="2.11.8" callerrev="2.5.14"/>
				<caller organisation="com.outworkers" name="phantom-dsl_2.11" conf="default, compile, runtime, master" rev="2.11.8" rev-constraint-default="2.11.8" rev-constraint-dynamic="2.11.8" callerrev="2.6.4"/>
				<caller organisation="org.scala-lang.modules" name="scala-xml_2.11" conf="compile, runtime" rev="2.11.8" rev-constraint-default="2.11.8" rev-constraint-dynamic="2.11.8" callerrev="1.0.1"/>
				<caller organisation="org.scala-lang.modules" name="scala-java8-compat_2.11" conf="compile, runtime" rev="2.11.8" rev-constraint-default="2.11.8" rev-constraint-dynamic="2.11.8" callerrev="0.7.0"/>
				<caller organisation="com.twitter" name="scrooge-serializer_2.11" conf="compile, runtime" rev="2.11.8" rev-constraint-default="2.11.8" rev-constraint-dynamic="2.11.8" callerrev="4.14.0"/>
				<caller organisation="com.typesafe.play" name="play-iteratees_2.11" conf="compile, runtime" rev="2.11.8" rev-constraint-default="2.11.8" rev-constraint-dynamic="2.11.8" callerrev="2.5.14"/>
				<caller organisation="org.typelevel" name="macro-compat_2.11" conf="compile, runtime" rev="2.11.8" rev-constraint-default="2.11.8" rev-constraint-dynamic="2.11.8" callerrev="1.1.1"/>
				<caller organisation="com.chuusai" name="shapeless_2.11" conf="compile, runtime" rev="2.11.8" rev-constraint-default="2.11.8" rev-constraint-dynamic="2.11.8" callerrev="2.3.2"/>
				<caller organisation="com.twitter" name="util-core_2.11" conf="compile" rev="2.11.8" rev-constraint-default="2.11.8" rev-constraint-dynamic="2.11.8" callerrev="6.34.0"/>
				<caller organisation="com.typesafe.play" name="play-logback_2.11" conf="default, compile, runtime, master" rev="2.11.8" rev-constraint-default="2.11.8" rev-constraint-dynamic="2.11.8" callerrev="2.5.14"/>
				<caller organisation="com.outworkers" name="phantom-finagle_2.11" conf="compile, runtime" rev="2.11.8" rev-constraint-default="2.11.8" rev-constraint-dynamic="2.11.8" callerrev="2.6.4"/>
				<caller organisation="org.scala-lang.modules" name="scala-parser-combinators_2.11" conf="compile, runtime" rev="2.11.8" rev-constraint-default="2.11.8" rev-constraint-dynamic="2.11.8" callerrev="1.0.4"/>
				<caller organisation="com.typesafe.play" name="play_2.11" conf="compile, runtime" rev="2.11.8" rev-constraint-default="2.11.8" rev-constraint-dynamic="2.11.8" callerrev="2.5.14"/>
				<caller organisation="com.outworkers" name="phantom-thrift_2.11" conf="default, compile, runtime, master" rev="2.11.8" rev-constraint-default="2.11.8" rev-constraint-dynamic="2.11.8" callerrev="2.6.4"/>
				<caller organisation="org.scala-lang" name="scala-reflect" conf="compile, runtime" rev="2.11.8" rev-constraint-default="2.11.8" rev-constraint-dynamic="2.11.8" callerrev="2.11.8"/>
				<artifacts>
					<artifact name="scala-library" type="jar" ext="jar" status="no" details="" size="5744974" time="0" location="/Users/yuenpingleung/.ivy2/cache/org.scala-lang/scala-library/jars/scala-library-2.11.8.jar">
						<origin-location is-local="false" location="https://repo1.maven.org/maven2/org/scala-lang/scala-library/2.11.8/scala-library-2.11.8.jar"/>
					</artifact>
				</artifacts>
			</revision>
		</module>
	</dependencies>
</ivy-report>
