<?xml version="1.0" encoding="UTF-8"?>
<?xml-stylesheet type="text/xsl" href="ivy-report.xsl"?>
<ivy-report version="1.0">
	<info
		organisation="test"
		module="cassandra-loadtest_2.11"
		revision="0.0.80"
		conf="newrelic-agent"
		confs="universal, universal-docs, universal-src, compile, runtime, test, provided, optional, windows, docker, linux, rpm, debian, it, compile-internal, runtime-internal, test-internal, it-internal, plugin, sources, docs, pom, scala-tool, scoveragePlugin, newrelic-agent"
		date="20170529184504"/>
	<dependencies>
		<module organisation="com.newrelic.agent.java" name="newrelic-agent">
			<revision name="3.36.0" status="release" pubdate="20170214205509" resolver="sbt-chain" artresolver="sbt-chain" homepage="https://newrelic.com/" downloaded="false" searched="false" default="false" conf="default, compile, runtime, default(compile), master" position="0">
				<license name="Unknown License" url="https://newrelic.com/docs/java/java-agent-license"/>
				<metadata-artifact status="no" details="" size="2538" time="0" location="/Users/yuenpingleung/.ivy2/cache/com.newrelic.agent.java/newrelic-agent/ivy-3.36.0.xml" searched="false" origin-is-local="false" origin-location="https://repo1.maven.org/maven2/com/newrelic/agent/java/newrelic-agent/3.36.0/newrelic-agent-3.36.0.pom"/>
				<caller organisation="test" name="cassandra-loadtest_2.11" conf="newrelic-agent" rev="3.36.0" rev-constraint-default="3.36.0" rev-constraint-dynamic="3.36.0" callerrev="0.0.80"/>
				<artifacts>
					<artifact name="newrelic-agent" type="jar" ext="jar" status="no" details="" size="9625512" time="0" location="/Users/yuenpingleung/.ivy2/cache/com.newrelic.agent.java/newrelic-agent/jars/newrelic-agent-3.36.0.jar">
						<origin-location is-local="false" location="https://repo1.maven.org/maven2/com/newrelic/agent/java/newrelic-agent/3.36.0/newrelic-agent-3.36.0.jar"/>
					</artifact>
				</artifacts>
			</revision>
		</module>
	</dependencies>
</ivy-report>
